#
# There is insufficient memory for the Java Runtime Environment to continue.
# Native memory allocation (malloc) failed to allocate 2217264 bytes for Chunk::new
# Possible reasons:
#   The system is out of physical RAM or swap space
#   The process is running with CompressedOops enabled, and the Java Heap may be blocking the growth of the native heap
# Possible solutions:
#   Reduce memory load on the system
#   Increase physical memory or swap space
#   Check if swap backing store is full
#   Decrease Java heap size (-Xmx/-Xms)
#   Decrease number of Java threads
#   Decrease Java thread stack sizes (-Xss)
#   Set larger code cache with -XX:ReservedCodeCacheSize=
#   JVM is running with Zero Based Compressed Oops mode in which the Java heap is
#     placed in the first 32GB address space. The Java Heap base address is the
#     maximum limit for the native heap growth. Please use -XX:HeapBaseMinAddress
#     to set the Java Heap base and to place the Java Heap above 32GB virtual address.
# This output file may be truncated or incomplete.
#
#  Out of Memory Error (arena.cpp:189), pid=9068, tid=11112
#
# JRE version: Java(TM) SE Runtime Environment (17.0.12+8) (build 17.0.12+8-LTS-286)
# Java VM: Java HotSpot(TM) 64-Bit Server VM (17.0.12+8-LTS-286, mixed mode, sharing, tiered, compressed oops, compressed class ptrs, g1 gc, windows-amd64)
# No core dump will be written. Minidumps are not enabled by default on client versions of Windows
#

---------------  S U M M A R Y ------------

Command Line: --add-opens=java.base/java.lang=ALL-UNNAMED --add-opens=java.base/java.lang.invoke=ALL-UNNAMED --add-opens=java.base/java.util=ALL-UNNAMED --add-opens=java.prefs/java.util.prefs=ALL-UNNAMED --add-exports=jdk.compiler/com.sun.tools.javac.api=ALL-UNNAMED --add-exports=jdk.compiler/com.sun.tools.javac.util=ALL-UNNAMED --add-opens=java.base/java.util=ALL-UNNAMED --add-opens=java.prefs/java.util.prefs=ALL-UNNAMED --add-opens=java.base/java.nio.charset=ALL-UNNAMED --add-opens=java.base/java.net=ALL-UNNAMED --add-opens=java.base/java.util.concurrent=ALL-UNNAMED --add-opens=java.base/java.util.concurrent.atomic=ALL-UNNAMED --add-opens=java.xml/javax.xml.namespace=ALL-UNNAMED -XX:MaxMetaspaceSize=512m -XX:+HeapDumpOnOutOfMemoryError -Xmx4096m -Dfile.encoding=UTF-8 -Duser.country=IN -Duser.language=en -Duser.variant -javaagent:C:\Users\hp\.gradle\wrapper\dists\gradle-9.0.0-bin\d6wjpkvcgsg3oed0qlfss3wgl\gradle-9.0.0\lib\agents\gradle-instrumentation-agent-9.0.0.jar org.gradle.launcher.daemon.bootstrap.GradleDaemon 9.0.0

Host: 12th Gen Intel(R) Core(TM) i5-1235U, 12 cores, 7G,  Windows 11 , 64 bit Build 26100 (10.0.26100.7623)
Time: Thu Jan 22 19:51:47 2026 India Standard Time elapsed time: 22.648971 seconds (0d 0h 0m 22s)

---------------  T H R E A D  ---------------

Current thread (0x0000019ff37daeb0):  JavaThread "C2 CompilerThread2" daemon [_thread_in_native, id=11112, stack(0x0000004879d00000,0x0000004879e00000)]


Current CompileTask:
C2:  22649 15229   !   4       java.net.URLClassLoader::findClass (47 bytes)

Stack: [0x0000004879d00000,0x0000004879e00000]
Native frames: (J=compiled Java code, j=interpreted, Vv=VM code, C=native code)
V  [jvm.dll+0x67a04a]
V  [jvm.dll+0x7da4ed]
V  [jvm.dll+0x7dbe33]
V  [jvm.dll+0x7dc4a3]
V  [jvm.dll+0x24508f]
V  [jvm.dll+0xab773]
V  [jvm.dll+0xabd3c]
V  [jvm.dll+0x361bee]
V  [jvm.dll+0x32c431]
V  [jvm.dll+0x32b8ca]
V  [jvm.dll+0x21683f]
V  [jvm.dll+0x215c6f]
V  [jvm.dll+0x1a2960]
V  [jvm.dll+0x22610b]
V  [jvm.dll+0x2242ab]
V  [jvm.dll+0x79075c]
V  [jvm.dll+0x78abea]
V  [jvm.dll+0x678f35]
C  [ucrtbase.dll+0x37b0]
C  [KERNEL32.DLL+0x2e8d7]
C  [ntdll.dll+0x8c53c]


---------------  P R O C E S S  ---------------

Threads class SMR info:
_java_thread_list=0x0000019fee4339b0, length=199, elements={
0x0000019fc2f5a0a0, 0x0000019fe7c65c70, 0x0000019fe7c68550, 0x0000019fe7c74f70,
0x0000019fe7c75840, 0x0000019fe7c76110, 0x0000019fe7c769e0, 0x0000019fec118140,
0x0000019fec121850, 0x0000019fe7c7d610, 0x0000019fec21fb40, 0x0000019fec30e0e0,
0x0000019fee298890, 0x0000019fee168a70, 0x0000019fee168f50, 0x0000019fed451530,
0x0000019fee213d20, 0x0000019fee0a8910, 0x0000019fee0a8e20, 0x0000019fee0a7ef0,
0x0000019fee0a6090, 0x0000019fee0a9840, 0x0000019fee0a6ab0, 0x0000019fee0a6fc0,
0x0000019fee0a9330, 0x0000019fee0a74d0, 0x0000019fee0a8400, 0x0000019ff0bda5d0,
0x0000019ff0bdaae0, 0x0000019ff0bd8c80, 0x0000019ff0bda0c0, 0x0000019ff0bdaff0,
0x0000019ff0bdba10, 0x0000019ff0bdb500, 0x0000019ff0bdc940, 0x0000019ff0bd9bb0,
0x0000019ff0bdbf20, 0x0000019ff0bd9190, 0x0000019ff0bdd870, 0x0000019ff0bde290,
0x0000019ff0bdf1c0, 0x0000019ff0be0600, 0x0000019ff0bdce50, 0x0000019ff0bde7a0,
0x0000019ff0bdd360, 0x0000019ff0bdf6d0, 0x0000019ff0be00f0, 0x0000019ff0bddd80,
0x0000019ff0bdecb0, 0x0000019ff0bdfbe0, 0x0000019fee0a79e0, 0x0000019ff1115670,
0x0000019ff1113d20, 0x0000019ff1116090, 0x0000019ff1115b80, 0x0000019ff11165a0,
0x0000019ff1116ab0, 0x0000019ff1113300, 0x0000019ff1116fc0, 0x0000019ff1113810,
0x0000019ff1114230, 0x0000019ff1114740, 0x0000019ff1114c50, 0x0000019ff11174d0,
0x0000019ff11179e0, 0x0000019ff1117ef0, 0x0000019ff1118400, 0x0000019ff1118910,
0x0000019ff1115160, 0x0000019ff1118e20, 0x0000019ff1119330, 0x0000019ff111ac80,
0x0000019ff1119840, 0x0000019ff1119d50, 0x0000019ff111a260, 0x0000019ff111a770,
0x0000019ff3022090, 0x0000019ff3020c50, 0x0000019ff301fd20, 0x0000019ff3020740,
0x0000019ff30225a0, 0x0000019ff3020230, 0x0000019ff30234d0, 0x0000019ff3024910,
0x0000019ff30239e0, 0x0000019ff3022ab0, 0x0000019ff3021160, 0x0000019ff3026260,
0x0000019ff3025330, 0x0000019ff3027190, 0x0000019ff3024e20, 0x0000019ff3025840,
0x0000019ff3025d50, 0x0000019ff3024400, 0x0000019ff3026770, 0x0000019ff3026c80,
0x0000019ff30276a0, 0x0000019ff3023ef0, 0x0000019ff07a0fc0, 0x0000019ff07a4770,
0x0000019ff07a14d0, 0x0000019ff07a19e0, 0x0000019ff07a2910, 0x0000019ff07a1ef0,
0x0000019ff07a3d50, 0x0000019ff07a2400, 0x0000019ff07a2e20, 0x0000019ff07a4260,
0x0000019ff07a3330, 0x0000019ff07a3840, 0x0000019fee459a90, 0x0000019fee458140,
0x0000019fee459070, 0x0000019fee459fa0, 0x0000019fee458b60, 0x0000019fee458650,
0x0000019fee459580, 0x0000019fee457720, 0x0000019fee457c30, 0x0000019fee45a4b0,
0x0000019fee45a9c0, 0x0000019fee457210, 0x0000019fee45e680, 0x0000019fee45aed0,
0x0000019fee45d240, 0x0000019fee45b3e0, 0x0000019fee45c310, 0x0000019fee45d750,
0x0000019fee45c820, 0x0000019fee45cd30, 0x0000019fee45b8f0, 0x0000019fee45dc60,
0x0000019fee45be00, 0x0000019fee45e170, 0x0000019fee45eb90, 0x0000019fed3a4f50,
0x0000019fed3a2be0, 0x0000019fed3a21c0, 0x0000019fed3a26d0, 0x0000019fed3a5460,
0x0000019fed3a3b10, 0x0000019fed3a4020, 0x0000019fed3a4530, 0x0000019fed3a3600,
0x0000019fed3a4a40, 0x0000019fed3a5970, 0x0000019fed3a5e80, 0x0000019fed3a6390,
0x0000019fed3a68a0, 0x0000019fed3a30f0, 0x0000019fed3a9120, 0x0000019fed3a6db0,
0x0000019fed3a77d0, 0x0000019fed3a9630, 0x0000019fed3a7ce0, 0x0000019fed3a81f0,
0x0000019fed3a72c0, 0x0000019fed3a8700, 0x0000019fed3a8c10, 0x0000019fed3a9b40,
0x0000019fef36a2a0, 0x0000019fef369d90, 0x0000019fef36a7b0, 0x0000019fef36acc0,
0x0000019fef36b6e0, 0x0000019fef36b1d0, 0x0000019fef36bbf0, 0x0000019fef36c100,
0x0000019fef369370, 0x0000019fef36c610, 0x0000019fef369880, 0x0000019fef368e60,
0x0000019fef3702d0, 0x0000019fef36d540, 0x0000019fef36d030, 0x0000019fef36df60,
0x0000019fef36e980, 0x0000019fef36f3a0, 0x0000019fef36ee90, 0x0000019fef36fdc0,
0x0000019ff35bd4e0, 0x0000019ff35bc0a0, 0x0000019ff35be920, 0x0000019ff35bf340,
0x0000019ff35bd9f0, 0x0000019ff35be410, 0x0000019ff35bcac0, 0x0000019ff35c16b0,
0x0000019ff35c3510, 0x0000019ff35c0780, 0x0000019ff37db950, 0x0000019ff37daeb0,
0x0000019ff35c0270, 0x0000019ff35c25e0, 0x0000019ff35c3000, 0x0000019ff35c11a0,
0x0000019ff2491540, 0x0000019ff2490b20, 0x0000019ff24947e0
}

Java Threads: ( => current thread )
  0x0000019fc2f5a0a0 JavaThread "main" [_thread_blocked, id=5316, stack(0x000000486ce00000,0x000000486cf00000)]
  0x0000019fe7c65c70 JavaThread "Reference Handler" daemon [_thread_blocked, id=9072, stack(0x000000486d500000,0x000000486d600000)]
  0x0000019fe7c68550 JavaThread "Finalizer" daemon [_thread_blocked, id=5948, stack(0x000000486d600000,0x000000486d700000)]
  0x0000019fe7c74f70 JavaThread "Signal Dispatcher" daemon [_thread_blocked, id=19124, stack(0x000000486d700000,0x000000486d800000)]
  0x0000019fe7c75840 JavaThread "Attach Listener" daemon [_thread_blocked, id=15312, stack(0x000000486d800000,0x000000486d900000)]
  0x0000019fe7c76110 JavaThread "Service Thread" daemon [_thread_blocked, id=13156, stack(0x000000486d900000,0x000000486da00000)]
  0x0000019fe7c769e0 JavaThread "Monitor Deflation Thread" daemon [_thread_blocked, id=1168, stack(0x000000486da00000,0x000000486db00000)]
  0x0000019fec118140 JavaThread "C2 CompilerThread0" daemon [_thread_in_native, id=10972, stack(0x000000486db00000,0x000000486dc00000)]
  0x0000019fec121850 JavaThread "C1 CompilerThread0" daemon [_thread_blocked, id=11028, stack(0x000000486dc00000,0x000000486dd00000)]
  0x0000019fe7c7d610 JavaThread "Sweeper thread" daemon [_thread_blocked, id=9140, stack(0x000000486dd00000,0x000000486de00000)]
  0x0000019fec21fb40 JavaThread "Common-Cleaner" daemon [_thread_blocked, id=14132, stack(0x000000486de00000,0x000000486df00000)]
  0x0000019fec30e0e0 JavaThread "Notification Thread" daemon [_thread_blocked, id=9840, stack(0x000000486df00000,0x000000486e000000)]
  0x0000019fee298890 JavaThread "Daemon health stats" [_thread_blocked, id=12272, stack(0x000000486e600000,0x000000486e700000)]
  0x0000019fee168a70 JavaThread "Incoming local TCP Connector on port 51468" [_thread_in_native, id=10736, stack(0x000000486e700000,0x000000486e800000)]
  0x0000019fee168f50 JavaThread "Daemon periodic checks" [_thread_blocked, id=9892, stack(0x000000486e800000,0x000000486e900000)]
  0x0000019fed451530 JavaThread "Daemon" [_thread_blocked, id=13120, stack(0x000000486e900000,0x000000486ea00000)]
  0x0000019fee213d20 JavaThread "Handler for socket connection from /127.0.0.1:51468 to /127.0.0.1:51469" [_thread_in_native, id=1932, stack(0x000000486ea00000,0x000000486eb00000)]
  0x0000019fee0a8910 JavaThread "Cancel handler" [_thread_blocked, id=16316, stack(0x000000486eb00000,0x000000486ec00000)]
  0x0000019fee0a8e20 JavaThread "Daemon worker" [_thread_blocked, id=19244, stack(0x000000486ec00000,0x000000486ed00000)]
  0x0000019fee0a7ef0 JavaThread "Asynchronous log dispatcher for DefaultDaemonConnection: socket connection from /127.0.0.1:51468 to /127.0.0.1:51469" [_thread_blocked, id=17068, stack(0x000000486ed00000,0x000000486ee00000)]
  0x0000019fee0a6090 JavaThread "Stdin handler" [_thread_blocked, id=2676, stack(0x000000486ee00000,0x000000486ef00000)]
  0x0000019fee0a9840 JavaThread "Daemon client event forwarder" [_thread_blocked, id=17560, stack(0x000000486ef00000,0x000000486f000000)]
  0x0000019fee0a6ab0 JavaThread "Cache worker for journal cache (C:\Users\hp\.gradle\caches\journal-1)" [_thread_blocked, id=20316, stack(0x000000486f000000,0x000000486f100000)]
  0x0000019fee0a6fc0 JavaThread "File lock request listener" [_thread_in_native, id=18268, stack(0x000000486f100000,0x000000486f200000)]
  0x0000019fee0a9330 JavaThread "Cache worker for file hash cache (C:\Users\hp\.gradle\caches\9.0.0\fileHashes)" [_thread_blocked, id=18592, stack(0x000000486f200000,0x000000486f300000)]
  0x0000019fee0a74d0 JavaThread "Cache worker for file hash cache (C:\Users\hp\Desktop\AIB Innovations\TiffsyKitchen\android\.gradle\9.0.0\fileHashes)" [_thread_blocked, id=10332, stack(0x000000486fa00000,0x000000486fb00000)]
  0x0000019fee0a8400 JavaThread "Cache worker for Build Output Cleanup Cache (C:\Users\hp\Desktop\AIB Innovations\TiffsyKitchen\android\.gradle\buildOutputCleanup)" [_thread_blocked, id=9704, stack(0x000000486fb00000,0x000000486fc00000)]
  0x0000019ff0bda5d0 JavaThread "File watcher server" daemon [_thread_in_native, id=19656, stack(0x000000486fc00000,0x000000486fd00000)]
  0x0000019ff0bdaae0 JavaThread "File watcher consumer" daemon [_thread_blocked, id=16440, stack(0x000000486fd00000,0x000000486fe00000)]
  0x0000019ff0bd8c80 JavaThread "Cache worker for checksums cache (C:\Users\hp\Desktop\AIB Innovations\TiffsyKitchen\android\.gradle\9.0.0\checksums)" [_thread_blocked, id=1856, stack(0x000000486fe00000,0x000000486ff00000)]
  0x0000019ff0bda0c0 JavaThread "Cache worker for file content cache (C:\Users\hp\.gradle\caches\9.0.0\fileContent)" [_thread_blocked, id=5884, stack(0x000000486ff00000,0x0000004870000000)]
  0x0000019ff0bdaff0 JavaThread "Cache worker for cache directory md-supplier (C:\Users\hp\.gradle\caches\9.0.0\md-supplier)" [_thread_blocked, id=4172, stack(0x0000004870000000,0x0000004870100000)]
  0x0000019ff0bdba10 JavaThread "Cache worker for cache directory md-rule (C:\Users\hp\.gradle\caches\9.0.0\md-rule)" [_thread_blocked, id=19992, stack(0x0000004870100000,0x0000004870200000)]
  0x0000019ff0bdb500 JavaThread "jar transforms" [_thread_blocked, id=2556, stack(0x0000004870200000,0x0000004870300000)]
  0x0000019ff0bdc940 JavaThread "Cache worker for Build Output Cleanup Cache (C:\Users\hp\Desktop\AIB Innovations\TiffsyKitchen\node_modules\@react-native\gradle-plugin\.gradle\buildOutputCleanup)" [_thread_blocked, id=11292, stack(0x0000004870400000,0x0000004870500000)]
  0x0000019ff0bd9bb0 JavaThread "Unconstrained build operations" [_thread_blocked, id=5740, stack(0x0000004870500000,0x0000004870600000)]
  0x0000019ff0bdbf20 JavaThread "Unconstrained build operations Thread 2" [_thread_blocked, id=2872, stack(0x0000004870600000,0x0000004870700000)]
  0x0000019ff0bd9190 JavaThread "Unconstrained build operations Thread 3" [_thread_blocked, id=17272, stack(0x0000004870700000,0x0000004870800000)]
  0x0000019ff0bdd870 JavaThread "Unconstrained build operations Thread 4" [_thread_blocked, id=5132, stack(0x0000004870800000,0x0000004870900000)]
  0x0000019ff0bde290 JavaThread "Unconstrained build operations Thread 5" [_thread_blocked, id=19504, stack(0x0000004870900000,0x0000004870a00000)]
  0x0000019ff0bdf1c0 JavaThread "Unconstrained build operations Thread 6" [_thread_blocked, id=21252, stack(0x0000004870a00000,0x0000004870b00000)]
  0x0000019ff0be0600 JavaThread "Unconstrained build operations Thread 7" [_thread_blocked, id=15456, stack(0x0000004870b00000,0x0000004870c00000)]
  0x0000019ff0bdce50 JavaThread "Unconstrained build operations Thread 8" [_thread_blocked, id=13740, stack(0x0000004870c00000,0x0000004870d00000)]
  0x0000019ff0bde7a0 JavaThread "Unconstrained build operations Thread 9" [_thread_blocked, id=17088, stack(0x0000004870d00000,0x0000004870e00000)]
  0x0000019ff0bdd360 JavaThread "Unconstrained build operations Thread 10" [_thread_blocked, id=17660, stack(0x0000004870e00000,0x0000004870f00000)]
  0x0000019ff0bdf6d0 JavaThread "Unconstrained build operations Thread 11" [_thread_blocked, id=19732, stack(0x0000004870f00000,0x0000004871000000)]
  0x0000019ff0be00f0 JavaThread "Unconstrained build operations Thread 12" [_thread_blocked, id=19188, stack(0x0000004871000000,0x0000004871100000)]
  0x0000019ff0bddd80 JavaThread "Unconstrained build operations Thread 13" [_thread_blocked, id=4608, stack(0x0000004871100000,0x0000004871200000)]
  0x0000019ff0bdecb0 JavaThread "Unconstrained build operations Thread 14" [_thread_blocked, id=8444, stack(0x0000004871200000,0x0000004871300000)]
  0x0000019ff0bdfbe0 JavaThread "Unconstrained build operations Thread 15" [_thread_blocked, id=21056, stack(0x0000004871300000,0x0000004871400000)]
  0x0000019fee0a79e0 JavaThread "Unconstrained build operations Thread 16" [_thread_blocked, id=14728, stack(0x0000004871400000,0x0000004871500000)]
  0x0000019ff1115670 JavaThread "Unconstrained build operations Thread 17" [_thread_blocked, id=14208, stack(0x0000004871500000,0x0000004871600000)]
  0x0000019ff1113d20 JavaThread "Unconstrained build operations Thread 18" [_thread_blocked, id=13888, stack(0x0000004871600000,0x0000004871700000)]
  0x0000019ff1116090 JavaThread "Unconstrained build operations Thread 19" [_thread_blocked, id=3880, stack(0x0000004871700000,0x0000004871800000)]
  0x0000019ff1115b80 JavaThread "Unconstrained build operations Thread 20" [_thread_blocked, id=20888, stack(0x0000004871800000,0x0000004871900000)]
  0x0000019ff11165a0 JavaThread "Unconstrained build operations Thread 21" [_thread_blocked, id=2760, stack(0x0000004871900000,0x0000004871a00000)]
  0x0000019ff1116ab0 JavaThread "Unconstrained build operations Thread 22" [_thread_blocked, id=17132, stack(0x0000004871a00000,0x0000004871b00000)]
  0x0000019ff1113300 JavaThread "Unconstrained build operations Thread 23" [_thread_blocked, id=9580, stack(0x0000004871b00000,0x0000004871c00000)]
  0x0000019ff1116fc0 JavaThread "Unconstrained build operations Thread 24" [_thread_blocked, id=10868, stack(0x0000004871c00000,0x0000004871d00000)]
  0x0000019ff1113810 JavaThread "Unconstrained build operations Thread 25" [_thread_blocked, id=17704, stack(0x0000004871d00000,0x0000004871e00000)]
  0x0000019ff1114230 JavaThread "Unconstrained build operations Thread 26" [_thread_blocked, id=12868, stack(0x0000004871e00000,0x0000004871f00000)]
  0x0000019ff1114740 JavaThread "Unconstrained build operations Thread 27" [_thread_blocked, id=17720, stack(0x0000004871f00000,0x0000004872000000)]
  0x0000019ff1114c50 JavaThread "Unconstrained build operations Thread 28" [_thread_blocked, id=11976, stack(0x0000004872000000,0x0000004872100000)]
  0x0000019ff11174d0 JavaThread "Unconstrained build operations Thread 29" [_thread_blocked, id=12604, stack(0x0000004872100000,0x0000004872200000)]
  0x0000019ff11179e0 JavaThread "Unconstrained build operations Thread 30" [_thread_blocked, id=2700, stack(0x0000004872200000,0x0000004872300000)]
  0x0000019ff1117ef0 JavaThread "Unconstrained build operations Thread 31" [_thread_blocked, id=18772, stack(0x0000004872300000,0x0000004872400000)]
  0x0000019ff1118400 JavaThread "Unconstrained build operations Thread 32" [_thread_blocked, id=14616, stack(0x0000004872400000,0x0000004872500000)]
  0x0000019ff1118910 JavaThread "Unconstrained build operations Thread 33" [_thread_blocked, id=13508, stack(0x0000004872500000,0x0000004872600000)]
  0x0000019ff1115160 JavaThread "Unconstrained build operations Thread 34" [_thread_blocked, id=19064, stack(0x0000004872600000,0x0000004872700000)]
  0x0000019ff1118e20 JavaThread "Unconstrained build operations Thread 35" [_thread_blocked, id=8420, stack(0x0000004872700000,0x0000004872800000)]
  0x0000019ff1119330 JavaThread "Unconstrained build operations Thread 36" [_thread_blocked, id=18536, stack(0x0000004872800000,0x0000004872900000)]
  0x0000019ff111ac80 JavaThread "Unconstrained build operations Thread 37" [_thread_blocked, id=21052, stack(0x0000004872900000,0x0000004872a00000)]
  0x0000019ff1119840 JavaThread "Unconstrained build operations Thread 38" [_thread_blocked, id=3520, stack(0x0000004872a00000,0x0000004872b00000)]
  0x0000019ff1119d50 JavaThread "Unconstrained build operations Thread 39" [_thread_blocked, id=9912, stack(0x0000004872b00000,0x0000004872c00000)]
  0x0000019ff111a260 JavaThread "build event listener" [_thread_blocked, id=14256, stack(0x0000004872c00000,0x0000004872d00000)]
  0x0000019ff111a770 JavaThread "Memory manager" [_thread_blocked, id=4720, stack(0x0000004872d00000,0x0000004872e00000)]
  0x0000019ff3022090 JavaThread "ForkJoinPool.commonPool-worker-1" daemon [_thread_blocked, id=2788, stack(0x0000004872e00000,0x0000004872f00000)]
  0x0000019ff3020c50 JavaThread "ForkJoinPool.commonPool-worker-2" daemon [_thread_blocked, id=7840, stack(0x0000004872f00000,0x0000004873000000)]
  0x0000019ff301fd20 JavaThread "ForkJoinPool.commonPool-worker-3" daemon [_thread_blocked, id=7344, stack(0x0000004873000000,0x0000004873100000)]
  0x0000019ff3020740 JavaThread "ForkJoinPool.commonPool-worker-4" daemon [_thread_blocked, id=5764, stack(0x0000004873100000,0x0000004873200000)]
  0x0000019ff30225a0 JavaThread "ForkJoinPool.commonPool-worker-5" daemon [_thread_blocked, id=16884, stack(0x0000004873200000,0x0000004873300000)]
  0x0000019ff3020230 JavaThread "ForkJoinPool.commonPool-worker-7" daemon [_thread_blocked, id=3460, stack(0x0000004873300000,0x0000004873400000)]
  0x0000019ff30234d0 JavaThread "ForkJoinPool.commonPool-worker-6" daemon [_thread_blocked, id=5288, stack(0x0000004873400000,0x0000004873500000)]
  0x0000019ff3024910 JavaThread "ForkJoinPool.commonPool-worker-8" daemon [_thread_blocked, id=18040, stack(0x0000004873500000,0x0000004873600000)]
  0x0000019ff30239e0 JavaThread "ForkJoinPool.commonPool-worker-9" daemon [_thread_blocked, id=12236, stack(0x0000004873600000,0x0000004873700000)]
  0x0000019ff3022ab0 JavaThread "ForkJoinPool.commonPool-worker-10" daemon [_thread_blocked, id=6756, stack(0x0000004873700000,0x0000004873800000)]
  0x0000019ff3021160 JavaThread "ForkJoinPool.commonPool-worker-11" daemon [_thread_blocked, id=12784, stack(0x0000004873800000,0x0000004873900000)]
  0x0000019ff3026260 JavaThread "included builds" [_thread_blocked, id=18672, stack(0x0000004873900000,0x0000004873a00000)]
  0x0000019ff3025330 JavaThread "Execution worker" [_thread_blocked, id=3976, stack(0x0000004873a00000,0x0000004873b00000)]
  0x0000019ff3027190 JavaThread "Execution worker Thread 2" [_thread_blocked, id=20812, stack(0x0000004873b00000,0x0000004873c00000)]
  0x0000019ff3024e20 JavaThread "Execution worker Thread 3" [_thread_blocked, id=3288, stack(0x0000004873c00000,0x0000004873d00000)]
  0x0000019ff3025840 JavaThread "Execution worker Thread 4" [_thread_blocked, id=1944, stack(0x0000004873d00000,0x0000004873e00000)]
  0x0000019ff3025d50 JavaThread "Execution worker Thread 5" [_thread_blocked, id=4592, stack(0x0000004873e00000,0x0000004873f00000)]
  0x0000019ff3024400 JavaThread "Execution worker Thread 6" [_thread_blocked, id=5300, stack(0x0000004873f00000,0x0000004874000000)]
  0x0000019ff3026770 JavaThread "Execution worker Thread 7" [_thread_blocked, id=4532, stack(0x0000004874000000,0x0000004874100000)]
  0x0000019ff3026c80 JavaThread "Execution worker Thread 8" [_thread_blocked, id=9848, stack(0x0000004874100000,0x0000004874200000)]
  0x0000019ff30276a0 JavaThread "Execution worker Thread 9" [_thread_blocked, id=11620, stack(0x0000004874200000,0x0000004874300000)]
  0x0000019ff3023ef0 JavaThread "Execution worker Thread 10" [_thread_blocked, id=13544, stack(0x0000004874300000,0x0000004874400000)]
  0x0000019ff07a0fc0 JavaThread "Execution worker Thread 11" [_thread_blocked, id=2920, stack(0x0000004874400000,0x0000004874500000)]
  0x0000019ff07a4770 JavaThread "Cache worker for execution history cache (C:\Users\hp\Desktop\AIB Innovations\TiffsyKitchen\node_modules\@react-native\gradle-plugin\.gradle\9.0.0\executionHistory)" [_thread_blocked, id=1056, stack(0x0000004874500000,0x0000004874600000)]
  0x0000019ff07a14d0 JavaThread "Unconstrained build operations Thread 40" [_thread_blocked, id=1288, stack(0x0000004874600000,0x0000004874700000)]
  0x0000019ff07a19e0 JavaThread "Unconstrained build operations Thread 41" [_thread_blocked, id=1068, stack(0x0000004874700000,0x0000004874800000)]
  0x0000019ff07a2910 JavaThread "Unconstrained build operations Thread 42" [_thread_blocked, id=2512, stack(0x0000004874800000,0x0000004874900000)]
  0x0000019ff07a1ef0 JavaThread "Unconstrained build operations Thread 43" [_thread_blocked, id=15392, stack(0x0000004874900000,0x0000004874a00000)]
  0x0000019ff07a3d50 JavaThread "Unconstrained build operations Thread 44" [_thread_blocked, id=3812, stack(0x0000004874a00000,0x0000004874b00000)]
  0x0000019ff07a2400 JavaThread "Unconstrained build operations Thread 45" [_thread_blocked, id=11480, stack(0x0000004874b00000,0x0000004874c00000)]
  0x0000019ff07a2e20 JavaThread "Unconstrained build operations Thread 46" [_thread_blocked, id=2800, stack(0x0000004874c00000,0x0000004874d00000)]
  0x0000019ff07a4260 JavaThread "Unconstrained build operations Thread 47" [_thread_blocked, id=16088, stack(0x0000004874d00000,0x0000004874e00000)]
  0x0000019ff07a3330 JavaThread "Unconstrained build operations Thread 48" [_thread_blocked, id=12972, stack(0x0000004874e00000,0x0000004874f00000)]
  0x0000019ff07a3840 JavaThread "Unconstrained build operations Thread 49" [_thread_blocked, id=9996, stack(0x0000004874f00000,0x0000004875000000)]
  0x0000019fee459a90 JavaThread "Unconstrained build operations Thread 50" [_thread_blocked, id=18828, stack(0x0000004875000000,0x0000004875100000)]
  0x0000019fee458140 JavaThread "Unconstrained build operations Thread 51" [_thread_blocked, id=11420, stack(0x0000004875100000,0x0000004875200000)]
  0x0000019fee459070 JavaThread "Unconstrained build operations Thread 52" [_thread_blocked, id=5584, stack(0x0000004875200000,0x0000004875300000)]
  0x0000019fee459fa0 JavaThread "Unconstrained build operations Thread 53" [_thread_blocked, id=21120, stack(0x0000004875300000,0x0000004875400000)]
  0x0000019fee458b60 JavaThread "Unconstrained build operations Thread 54" [_thread_blocked, id=8640, stack(0x0000004875400000,0x0000004875500000)]
  0x0000019fee458650 JavaThread "Unconstrained build operations Thread 55" [_thread_blocked, id=2736, stack(0x0000004875500000,0x0000004875600000)]
  0x0000019fee459580 JavaThread "Unconstrained build operations Thread 56" [_thread_blocked, id=13392, stack(0x0000004875600000,0x0000004875700000)]
  0x0000019fee457720 JavaThread "Unconstrained build operations Thread 57" [_thread_blocked, id=19788, stack(0x0000004875700000,0x0000004875800000)]
  0x0000019fee457c30 JavaThread "Unconstrained build operations Thread 58" [_thread_blocked, id=17108, stack(0x0000004875800000,0x0000004875900000)]
  0x0000019fee45a4b0 JavaThread "Unconstrained build operations Thread 59" [_thread_blocked, id=15452, stack(0x0000004875900000,0x0000004875a00000)]
  0x0000019fee45a9c0 JavaThread "Unconstrained build operations Thread 60" [_thread_blocked, id=18056, stack(0x0000004875a00000,0x0000004875b00000)]
  0x0000019fee457210 JavaThread "Unconstrained build operations Thread 61" [_thread_blocked, id=4372, stack(0x0000004875b00000,0x0000004875c00000)]
  0x0000019fee45e680 JavaThread "Unconstrained build operations Thread 62" [_thread_blocked, id=20604, stack(0x0000004875c00000,0x0000004875d00000)]
  0x0000019fee45aed0 JavaThread "Unconstrained build operations Thread 63" [_thread_blocked, id=17548, stack(0x0000004875d00000,0x0000004875e00000)]
  0x0000019fee45d240 JavaThread "Unconstrained build operations Thread 64" [_thread_blocked, id=11916, stack(0x0000004875e00000,0x0000004875f00000)]
  0x0000019fee45b3e0 JavaThread "Unconstrained build operations Thread 65" [_thread_blocked, id=12372, stack(0x0000004875f00000,0x0000004876000000)]
  0x0000019fee45c310 JavaThread "Unconstrained build operations Thread 66" [_thread_blocked, id=5456, stack(0x0000004876000000,0x0000004876100000)]
  0x0000019fee45d750 JavaThread "Unconstrained build operations Thread 67" [_thread_blocked, id=5852, stack(0x0000004876100000,0x0000004876200000)]
  0x0000019fee45c820 JavaThread "Unconstrained build operations Thread 68" [_thread_blocked, id=920, stack(0x0000004876200000,0x0000004876300000)]
  0x0000019fee45cd30 JavaThread "Unconstrained build operations Thread 69" [_thread_blocked, id=10036, stack(0x0000004876300000,0x0000004876400000)]
  0x0000019fee45b8f0 JavaThread "Unconstrained build operations Thread 70" [_thread_blocked, id=21008, stack(0x0000004876400000,0x0000004876500000)]
  0x0000019fee45dc60 JavaThread "Unconstrained build operations Thread 71" [_thread_blocked, id=7112, stack(0x0000004876500000,0x0000004876600000)]
  0x0000019fee45be00 JavaThread "Unconstrained build operations Thread 72" [_thread_blocked, id=17240, stack(0x0000004876600000,0x0000004876700000)]
  0x0000019fee45e170 JavaThread "Unconstrained build operations Thread 73" [_thread_blocked, id=13792, stack(0x0000004876700000,0x0000004876800000)]
  0x0000019fee45eb90 JavaThread "Unconstrained build operations Thread 74" [_thread_blocked, id=14420, stack(0x0000004876800000,0x0000004876900000)]
  0x0000019fed3a4f50 JavaThread "Unconstrained build operations Thread 75" [_thread_blocked, id=18208, stack(0x0000004876900000,0x0000004876a00000)]
  0x0000019fed3a2be0 JavaThread "Unconstrained build operations Thread 76" [_thread_blocked, id=12336, stack(0x0000004876a00000,0x0000004876b00000)]
  0x0000019fed3a21c0 JavaThread "Unconstrained build operations Thread 77" [_thread_blocked, id=16832, stack(0x0000004876b00000,0x0000004876c00000)]
  0x0000019fed3a26d0 JavaThread "Unconstrained build operations Thread 78" [_thread_blocked, id=2148, stack(0x0000004876c00000,0x0000004876d00000)]
  0x0000019fed3a5460 JavaThread "Unconstrained build operations Thread 79" [_thread_blocked, id=3132, stack(0x0000004876d00000,0x0000004876e00000)]
  0x0000019fed3a3b10 JavaThread "Unconstrained build operations Thread 80" [_thread_blocked, id=18752, stack(0x0000004876e00000,0x0000004876f00000)]
  0x0000019fed3a4020 JavaThread "Unconstrained build operations Thread 81" [_thread_blocked, id=17128, stack(0x0000004876f00000,0x0000004877000000)]
  0x0000019fed3a4530 JavaThread "Unconstrained build operations Thread 82" [_thread_blocked, id=18416, stack(0x0000004877000000,0x0000004877100000)]
  0x0000019fed3a3600 JavaThread "Unconstrained build operations Thread 83" [_thread_blocked, id=19224, stack(0x0000004877100000,0x0000004877200000)]
  0x0000019fed3a4a40 JavaThread "Unconstrained build operations Thread 84" [_thread_blocked, id=9596, stack(0x0000004877200000,0x0000004877300000)]
  0x0000019fed3a5970 JavaThread "Unconstrained build operations Thread 85" [_thread_blocked, id=13968, stack(0x0000004877300000,0x0000004877400000)]
  0x0000019fed3a5e80 JavaThread "Unconstrained build operations Thread 86" [_thread_blocked, id=9692, stack(0x0000004877400000,0x0000004877500000)]
  0x0000019fed3a6390 JavaThread "Unconstrained build operations Thread 87" [_thread_blocked, id=18520, stack(0x0000004877500000,0x0000004877600000)]
  0x0000019fed3a68a0 JavaThread "Unconstrained build operations Thread 88" [_thread_blocked, id=8560, stack(0x0000004877600000,0x0000004877700000)]
  0x0000019fed3a30f0 JavaThread "Unconstrained build operations Thread 89" [_thread_blocked, id=4016, stack(0x0000004877700000,0x0000004877800000)]
  0x0000019fed3a9120 JavaThread "Unconstrained build operations Thread 90" [_thread_blocked, id=6684, stack(0x0000004877800000,0x0000004877900000)]
  0x0000019fed3a6db0 JavaThread "Unconstrained build operations Thread 91" [_thread_blocked, id=3160, stack(0x0000004877900000,0x0000004877a00000)]
  0x0000019fed3a77d0 JavaThread "Unconstrained build operations Thread 92" [_thread_blocked, id=20836, stack(0x0000004877a00000,0x0000004877b00000)]
  0x0000019fed3a9630 JavaThread "Unconstrained build operations Thread 93" [_thread_blocked, id=11376, stack(0x0000004877b00000,0x0000004877c00000)]
  0x0000019fed3a7ce0 JavaThread "Unconstrained build operations Thread 94" [_thread_blocked, id=19608, stack(0x0000004877c00000,0x0000004877d00000)]
  0x0000019fed3a81f0 JavaThread "Unconstrained build operations Thread 95" [_thread_blocked, id=18560, stack(0x0000004877d00000,0x0000004877e00000)]
  0x0000019fed3a72c0 JavaThread "Unconstrained build operations Thread 96" [_thread_blocked, id=18008, stack(0x0000004877e00000,0x0000004877f00000)]
  0x0000019fed3a8700 JavaThread "Unconstrained build operations Thread 97" [_thread_blocked, id=5444, stack(0x0000004877f00000,0x0000004878000000)]
  0x0000019fed3a8c10 JavaThread "Unconstrained build operations Thread 98" [_thread_blocked, id=10232, stack(0x0000004878000000,0x0000004878100000)]
  0x0000019fed3a9b40 JavaThread "Unconstrained build operations Thread 99" [_thread_blocked, id=19364, stack(0x0000004878100000,0x0000004878200000)]
  0x0000019fef36a2a0 JavaThread "Unconstrained build operations Thread 100" [_thread_blocked, id=18080, stack(0x0000004878200000,0x0000004878300000)]
  0x0000019fef369d90 JavaThread "Unconstrained build operations Thread 101" [_thread_blocked, id=14992, stack(0x0000004878300000,0x0000004878400000)]
  0x0000019fef36a7b0 JavaThread "Unconstrained build operations Thread 102" [_thread_blocked, id=1272, stack(0x0000004878400000,0x0000004878500000)]
  0x0000019fef36acc0 JavaThread "Unconstrained build operations Thread 103" [_thread_blocked, id=18996, stack(0x0000004878500000,0x0000004878600000)]
  0x0000019fef36b6e0 JavaThread "Unconstrained build operations Thread 104" [_thread_blocked, id=12276, stack(0x0000004878600000,0x0000004878700000)]
  0x0000019fef36b1d0 JavaThread "Unconstrained build operations Thread 105" [_thread_blocked, id=19716, stack(0x0000004878700000,0x0000004878800000)]
  0x0000019fef36bbf0 JavaThread "Unconstrained build operations Thread 106" [_thread_blocked, id=20620, stack(0x0000004878800000,0x0000004878900000)]
  0x0000019fef36c100 JavaThread "Unconstrained build operations Thread 107" [_thread_blocked, id=8168, stack(0x0000004878900000,0x0000004878a00000)]
  0x0000019fef369370 JavaThread "Unconstrained build operations Thread 108" [_thread_blocked, id=8968, stack(0x0000004878a00000,0x0000004878b00000)]
  0x0000019fef36c610 JavaThread "Unconstrained build operations Thread 109" [_thread_blocked, id=19968, stack(0x0000004878b00000,0x0000004878c00000)]
  0x0000019fef369880 JavaThread "Unconstrained build operations Thread 110" [_thread_blocked, id=20212, stack(0x0000004878c00000,0x0000004878d00000)]
  0x0000019fef368e60 JavaThread "Unconstrained build operations Thread 111" [_thread_blocked, id=3552, stack(0x0000004878d00000,0x0000004878e00000)]
  0x0000019fef3702d0 JavaThread "Unconstrained build operations Thread 112" [_thread_blocked, id=19892, stack(0x0000004878e00000,0x0000004878f00000)]
  0x0000019fef36d540 JavaThread "jar transforms Thread 2" [_thread_blocked, id=12000, stack(0x0000004878f00000,0x0000004879000000)]
  0x0000019fef36d030 JavaThread "jar transforms Thread 3" [_thread_blocked, id=20028, stack(0x0000004879000000,0x0000004879100000)]
  0x0000019fef36df60 JavaThread "Unconstrained build operations Thread 113" [_thread_blocked, id=14560, stack(0x0000004879100000,0x0000004879200000)]
  0x0000019fef36e980 JavaThread "Unconstrained build operations Thread 114" [_thread_blocked, id=6936, stack(0x0000004879200000,0x0000004879300000)]
  0x0000019fef36f3a0 JavaThread "Unconstrained build operations Thread 115" [_thread_blocked, id=14716, stack(0x0000004879300000,0x0000004879400000)]
  0x0000019fef36ee90 JavaThread "Unconstrained build operations Thread 116" [_thread_blocked, id=13560, stack(0x0000004879400000,0x0000004879500000)]
  0x0000019fef36fdc0 JavaThread "Unconstrained build operations Thread 117" [_thread_blocked, id=20168, stack(0x0000004879500000,0x0000004879600000)]
  0x0000019ff35bd4e0 JavaThread "Unconstrained build operations Thread 118" [_thread_blocked, id=16988, stack(0x0000004879600000,0x0000004879700000)]
  0x0000019ff35bc0a0 JavaThread "Unconstrained build operations Thread 119" [_thread_blocked, id=2888, stack(0x0000004879700000,0x0000004879800000)]
  0x0000019ff35be920 JavaThread "Unconstrained build operations Thread 120" [_thread_blocked, id=13460, stack(0x0000004879800000,0x0000004879900000)]
  0x0000019ff35bf340 JavaThread "jar transforms Thread 4" [_thread_blocked, id=11544, stack(0x0000004879900000,0x0000004879a00000)]
  0x0000019ff35bd9f0 JavaThread "jar transforms Thread 5" [_thread_blocked, id=9432, stack(0x0000004879a00000,0x0000004879b00000)]
  0x0000019ff35be410 JavaThread "jar transforms Thread 6" [_thread_blocked, id=20628, stack(0x0000004879b00000,0x0000004879c00000)]
  0x0000019ff35bcac0 JavaThread "build event listener" [_thread_blocked, id=2668, stack(0x0000004870300000,0x0000004870400000)]
  0x0000019ff35c16b0 JavaThread "Problems report writer" [_thread_blocked, id=18844, stack(0x0000004879c00000,0x0000004879d00000)]
  0x0000019ff35c3510 JavaThread "jar transforms Thread 7" [_thread_blocked, id=6568, stack(0x0000004879e00000,0x0000004879f00000)]
  0x0000019ff35c0780 JavaThread "jar transforms Thread 8" [_thread_blocked, id=21220, stack(0x0000004879f00000,0x000000487a000000)]
  0x0000019ff37db950 JavaThread "C2 CompilerThread1" daemon [_thread_blocked, id=11312, stack(0x000000486e100000,0x000000486e200000)]
=>0x0000019ff37daeb0 JavaThread "C2 CompilerThread2" daemon [_thread_in_native, id=11112, stack(0x0000004879d00000,0x0000004879e00000)]
  0x0000019ff35c0270 JavaThread "jar transforms Thread 9" [_thread_blocked, id=2144, stack(0x000000487a000000,0x000000487a100000)]
  0x0000019ff35c25e0 JavaThread "jar transforms Thread 10" [_thread_blocked, id=5932, stack(0x000000487a100000,0x000000487a200000)]
  0x0000019ff35c3000 JavaThread "jar transforms Thread 11" [_thread_blocked, id=20760, stack(0x000000487a200000,0x000000487a300000)]
  0x0000019ff35c11a0 JavaThread "jar transforms Thread 12" [_thread_blocked, id=9108, stack(0x000000487a300000,0x000000487a400000)]
  0x0000019ff2491540 JavaThread "Exec process" [_thread_in_native, id=8936, stack(0x000000487a400000,0x000000487a500000)]
  0x0000019ff2490b20 JavaThread "Exec process Thread 2" [_thread_in_native, id=18244, stack(0x000000487a500000,0x000000487a600000)]
  0x0000019ff24947e0 JavaThread "Exec process Thread 3" [_thread_in_native, id=17256, stack(0x000000487a600000,0x000000487a700000)]

Other Threads:
  0x0000019fe7c5e6f0 VMThread "VM Thread" [stack: 0x000000486d400000,0x000000486d500000] [id=9448]
  0x0000019fc3001100 WatcherThread [stack: 0x000000486e000000,0x000000486e100000] [id=10704]
  0x0000019fc2fc7530 GCTaskThread "GC Thread#0" [stack: 0x000000486cf00000,0x000000486d000000] [id=17536]
  0x0000019fec863c50 GCTaskThread "GC Thread#1" [stack: 0x000000486e300000,0x000000486e400000] [id=6792]
  0x0000019fecae8090 GCTaskThread "GC Thread#2" [stack: 0x000000486e400000,0x000000486e500000] [id=9360]
  0x0000019fed01b250 GCTaskThread "GC Thread#3" [stack: 0x000000486e200000,0x000000486e300000] [id=18192]
  0x0000019fec7ad950 GCTaskThread "GC Thread#4" [stack: 0x000000486e500000,0x000000486e600000] [id=13268]
  0x0000019fee2b6fe0 GCTaskThread "GC Thread#5" [stack: 0x000000486f300000,0x000000486f400000] [id=18200]
  0x0000019fef44af20 GCTaskThread "GC Thread#6" [stack: 0x000000486f400000,0x000000486f500000] [id=3772]
  0x0000019fef4aa070 GCTaskThread "GC Thread#7" [stack: 0x000000486f500000,0x000000486f600000] [id=19336]
  0x0000019fef4ab670 GCTaskThread "GC Thread#8" [stack: 0x000000486f600000,0x000000486f700000] [id=21392]
  0x0000019fef4ab0f0 GCTaskThread "GC Thread#9" [stack: 0x000000486f700000,0x000000486f800000] [id=19360]
  0x0000019fc2fd8f60 ConcurrentGCThread "G1 Main Marker" [stack: 0x000000486d000000,0x000000486d100000] [id=17700]
  0x0000019fc2fdcde0 ConcurrentGCThread "G1 Conc#0" [stack: 0x000000486d100000,0x000000486d200000] [id=10752]
  0x0000019fef4aae30 ConcurrentGCThread "G1 Conc#1" [stack: 0x000000486f800000,0x000000486f900000] [id=8092]
  0x0000019fef4ab930 ConcurrentGCThread "G1 Conc#2" [stack: 0x000000486f900000,0x000000486fa00000] [id=19312]
  0x0000019fe7b15670 ConcurrentGCThread "G1 Refine#0" [stack: 0x000000486d200000,0x000000486d300000] [id=12292]
  0x0000019fe7b15d50 ConcurrentGCThread "G1 Service" [stack: 0x000000486d300000,0x000000486d400000] [id=5968]

Threads with active compile tasks:
C2 CompilerThread0    22692 15243       4       java.net.URLClassLoader$1::run (5 bytes)
C2 CompilerThread2    22692 15229   !   4       java.net.URLClassLoader::findClass (47 bytes)

VM state: not at safepoint (normal execution)

VM Mutex/Monitor currently owned by a thread: None

Heap address: 0x0000000700000000, size: 4096 MB, Compressed Oops mode: Zero based, Oop shift amount: 3

CDS archive(s) mapped at: [0x0000019f80000000-0x0000019f80bd0000-0x0000019f80bd0000), size 12386304, SharedBaseAddress: 0x0000019f80000000, ArchiveRelocationMode: 1.
Compressed class space mapped at: 0x0000019f81000000-0x0000019f9b000000, reserved size: 436207616
Narrow klass base: 0x0000019f80000000, Narrow klass shift: 0, Narrow klass range: 0x100000000

GC Precious Log:
 CPUs: 12 total, 12 available
 Memory: 7863M
 Large Page Support: Disabled
 NUMA Support: Disabled
 Compressed Oops: Enabled (Zero based)
 Heap Region Size: 2M
 Heap Min Capacity: 8M
 Heap Initial Capacity: 124M
 Heap Max Capacity: 4G
 Pre-touch: Disabled
 Parallel Workers: 10
 Concurrent Workers: 3
 Concurrent Refinement Workers: 10
 Periodic GC: Disabled

Heap:
 garbage-first heap   total 307200K, used 221029K [0x0000000700000000, 0x0000000800000000)
  region size 2048K, 37 young (75776K), 3 survivors (6144K)
 Metaspace       used 106448K, committed 108096K, reserved 557056K
  class space    used 14931K, committed 15680K, reserved 425984K

Heap Regions: E=young(eden), S=young(survivor), O=old, HS=humongous(starts), HC=humongous(continues), CS=collection set, F=free, OA=open archive, CA=closed archive, TAMS=top-at-mark-start (previous, next)
|   0|0x0000000700000000, 0x0000000700200000, 0x0000000700200000|100%|HS|  |TAMS 0x0000000700200000, 0x0000000700000000| Complete 
|   1|0x0000000700200000, 0x0000000700400000, 0x0000000700400000|100%|HC|  |TAMS 0x0000000700400000, 0x0000000700200000| Complete 
|   2|0x0000000700400000, 0x0000000700600000, 0x0000000700600000|100%| O|  |TAMS 0x0000000700600000, 0x0000000700400000| Untracked 
|   3|0x0000000700600000, 0x0000000700800000, 0x0000000700800000|100%| O|  |TAMS 0x0000000700800000, 0x0000000700600000| Untracked 
|   4|0x0000000700800000, 0x0000000700a00000, 0x0000000700a00000|100%| O|  |TAMS 0x0000000700a00000, 0x0000000700800000| Untracked 
|   5|0x0000000700a00000, 0x0000000700c00000, 0x0000000700c00000|100%| O|  |TAMS 0x0000000700c00000, 0x0000000700a00000| Untracked 
|   6|0x0000000700c00000, 0x0000000700e00000, 0x0000000700e00000|100%| O|  |TAMS 0x0000000700e00000, 0x0000000700c00000| Untracked 
|   7|0x0000000700e00000, 0x0000000701000000, 0x0000000701000000|100%| O|  |TAMS 0x0000000701000000, 0x0000000700e00000| Untracked 
|   8|0x0000000701000000, 0x0000000701200000, 0x0000000701200000|100%| O|  |TAMS 0x0000000701200000, 0x0000000701000000| Untracked 
|   9|0x0000000701200000, 0x0000000701400000, 0x0000000701400000|100%| O|  |TAMS 0x0000000701400000, 0x0000000701200000| Untracked 
|  10|0x0000000701400000, 0x0000000701600000, 0x0000000701600000|100%| O|  |TAMS 0x0000000701600000, 0x0000000701400000| Untracked 
|  11|0x0000000701600000, 0x0000000701800000, 0x0000000701800000|100%| O|  |TAMS 0x0000000701800000, 0x0000000701600000| Untracked 
|  12|0x0000000701800000, 0x0000000701a00000, 0x0000000701a00000|100%| O|  |TAMS 0x0000000701a00000, 0x0000000701800000| Untracked 
|  13|0x0000000701a00000, 0x0000000701c00000, 0x0000000701c00000|100%| O|  |TAMS 0x0000000701c00000, 0x0000000701a00000| Untracked 
|  14|0x0000000701c00000, 0x0000000701e00000, 0x0000000701e00000|100%| O|  |TAMS 0x0000000701e00000, 0x0000000701c00000| Untracked 
|  15|0x0000000701e00000, 0x0000000702000000, 0x0000000702000000|100%| O|  |TAMS 0x0000000702000000, 0x0000000701e00000| Untracked 
|  16|0x0000000702000000, 0x0000000702200000, 0x0000000702200000|100%| O|  |TAMS 0x0000000702200000, 0x0000000702000000| Untracked 
|  17|0x0000000702200000, 0x0000000702400000, 0x0000000702400000|100%|HS|  |TAMS 0x0000000702400000, 0x0000000702200000| Complete 
|  18|0x0000000702400000, 0x0000000702600000, 0x0000000702600000|100%|HC|  |TAMS 0x0000000702600000, 0x0000000702400000| Complete 
|  19|0x0000000702600000, 0x0000000702800000, 0x0000000702800000|100%|HS|  |TAMS 0x0000000702800000, 0x0000000702600000| Complete 
|  20|0x0000000702800000, 0x0000000702a00000, 0x0000000702a00000|100%|HC|  |TAMS 0x0000000702a00000, 0x0000000702800000| Complete 
|  21|0x0000000702a00000, 0x0000000702c00000, 0x0000000702c00000|100%| O|  |TAMS 0x0000000702c00000, 0x0000000702a00000| Untracked 
|  22|0x0000000702c00000, 0x0000000702e00000, 0x0000000702e00000|100%| O|  |TAMS 0x0000000702e00000, 0x0000000702c00000| Untracked 
|  23|0x0000000702e00000, 0x0000000703000000, 0x0000000703000000|100%| O|  |TAMS 0x0000000703000000, 0x0000000702e00000| Untracked 
|  24|0x0000000703000000, 0x0000000703200000, 0x0000000703200000|100%| O|  |TAMS 0x0000000703200000, 0x0000000703000000| Untracked 
|  25|0x0000000703200000, 0x0000000703400000, 0x0000000703400000|100%| O|  |TAMS 0x0000000703200000, 0x0000000703200000| Untracked 
|  26|0x0000000703400000, 0x0000000703600000, 0x0000000703600000|100%| O|  |TAMS 0x0000000703600000, 0x0000000703400000| Untracked 
|  27|0x0000000703600000, 0x0000000703800000, 0x0000000703800000|100%| O|  |TAMS 0x0000000703800000, 0x0000000703600000| Untracked 
|  28|0x0000000703800000, 0x0000000703a00000, 0x0000000703a00000|100%| O|  |TAMS 0x0000000703a00000, 0x0000000703800000| Untracked 
|  29|0x0000000703a00000, 0x0000000703c00000, 0x0000000703c00000|100%| O|  |TAMS 0x0000000703c00000, 0x0000000703a00000| Untracked 
|  30|0x0000000703c00000, 0x0000000703e00000, 0x0000000703e00000|100%| O|  |TAMS 0x0000000703e00000, 0x0000000703c00000| Untracked 
|  31|0x0000000703e00000, 0x0000000704000000, 0x0000000704000000|100%| O|  |TAMS 0x0000000703e00000, 0x0000000703e00000| Untracked 
|  32|0x0000000704000000, 0x0000000704200000, 0x0000000704200000|100%| O|  |TAMS 0x0000000704200000, 0x0000000704000000| Untracked 
|  33|0x0000000704200000, 0x0000000704400000, 0x0000000704400000|100%| O|  |TAMS 0x0000000704400000, 0x0000000704200000| Untracked 
|  34|0x0000000704400000, 0x0000000704600000, 0x0000000704600000|100%| O|  |TAMS 0x0000000704600000, 0x0000000704400000| Untracked 
|  35|0x0000000704600000, 0x0000000704800000, 0x0000000704800000|100%| O|  |TAMS 0x0000000704800000, 0x0000000704600000| Untracked 
|  36|0x0000000704800000, 0x0000000704a00000, 0x0000000704a00000|100%| O|  |TAMS 0x0000000704a00000, 0x0000000704800000| Untracked 
|  37|0x0000000704a00000, 0x0000000704c00000, 0x0000000704c00000|100%| O|  |TAMS 0x0000000704c00000, 0x0000000704a00000| Untracked 
|  38|0x0000000704c00000, 0x0000000704e00000, 0x0000000704e00000|100%| O|  |TAMS 0x0000000704e00000, 0x0000000704c00000| Untracked 
|  39|0x0000000704e00000, 0x0000000705000000, 0x0000000705000000|100%| O|  |TAMS 0x0000000704e58000, 0x0000000704e00000| Untracked 
|  40|0x0000000705000000, 0x0000000705200000, 0x0000000705200000|100%| O|  |TAMS 0x0000000705000000, 0x0000000705000000| Untracked 
|  41|0x0000000705200000, 0x0000000705400000, 0x0000000705400000|100%|HS|  |TAMS 0x0000000705200000, 0x0000000705200000| Complete 
|  42|0x0000000705400000, 0x0000000705600000, 0x0000000705600000|100%|HC|  |TAMS 0x0000000705400000, 0x0000000705400000| Complete 
|  43|0x0000000705600000, 0x0000000705800000, 0x0000000705800000|100%| O|  |TAMS 0x0000000705600000, 0x0000000705600000| Untracked 
|  44|0x0000000705800000, 0x0000000705a00000, 0x0000000705a00000|100%| O|  |TAMS 0x0000000705800000, 0x0000000705800000| Untracked 
|  45|0x0000000705a00000, 0x0000000705c00000, 0x0000000705c00000|100%| O|  |TAMS 0x0000000705a00000, 0x0000000705a00000| Untracked 
|  46|0x0000000705c00000, 0x0000000705e00000, 0x0000000705e00000|100%| O|  |TAMS 0x0000000705c00000, 0x0000000705c00000| Untracked 
|  47|0x0000000705e00000, 0x0000000706000000, 0x0000000706000000|100%| O|  |TAMS 0x0000000705e00000, 0x0000000705e00000| Untracked 
|  48|0x0000000706000000, 0x0000000706200000, 0x0000000706200000|100%| O|  |TAMS 0x0000000706000000, 0x0000000706000000| Untracked 
|  49|0x0000000706200000, 0x0000000706400000, 0x0000000706400000|100%| O|  |TAMS 0x0000000706200000, 0x0000000706200000| Untracked 
|  50|0x0000000706400000, 0x0000000706600000, 0x0000000706600000|100%| O|  |TAMS 0x0000000706400000, 0x0000000706400000| Untracked 
|  51|0x0000000706600000, 0x0000000706800000, 0x0000000706800000|100%| O|  |TAMS 0x0000000706600000, 0x0000000706600000| Untracked 
|  52|0x0000000706800000, 0x0000000706a00000, 0x0000000706a00000|100%| O|  |TAMS 0x0000000706800000, 0x0000000706800000| Untracked 
|  53|0x0000000706a00000, 0x0000000706c00000, 0x0000000706c00000|100%| O|  |TAMS 0x0000000706a00000, 0x0000000706a00000| Untracked 
|  54|0x0000000706c00000, 0x0000000706e00000, 0x0000000706e00000|100%| O|  |TAMS 0x0000000706c00000, 0x0000000706c00000| Untracked 
|  55|0x0000000706e00000, 0x0000000707000000, 0x0000000707000000|100%| O|  |TAMS 0x0000000706e00000, 0x0000000706e00000| Untracked 
|  56|0x0000000707000000, 0x0000000707200000, 0x0000000707200000|100%| O|  |TAMS 0x0000000707000000, 0x0000000707000000| Untracked 
|  57|0x0000000707200000, 0x0000000707400000, 0x0000000707400000|100%| O|  |TAMS 0x0000000707200000, 0x0000000707200000| Untracked 
|  58|0x0000000707400000, 0x0000000707600000, 0x0000000707600000|100%| O|  |TAMS 0x0000000707400000, 0x0000000707400000| Untracked 
|  59|0x0000000707600000, 0x0000000707800000, 0x0000000707800000|100%| O|  |TAMS 0x0000000707600000, 0x0000000707600000| Untracked 
|  60|0x0000000707800000, 0x0000000707a00000, 0x0000000707a00000|100%| O|  |TAMS 0x0000000707800000, 0x0000000707800000| Untracked 
|  61|0x0000000707a00000, 0x0000000707c00000, 0x0000000707c00000|100%| O|  |TAMS 0x0000000707a00000, 0x0000000707a00000| Untracked 
|  62|0x0000000707c00000, 0x0000000707e00000, 0x0000000707e00000|100%| O|  |TAMS 0x0000000707c00000, 0x0000000707c00000| Untracked 
|  63|0x0000000707e00000, 0x0000000708000000, 0x0000000708000000|100%| O|  |TAMS 0x0000000707e00000, 0x0000000707e00000| Untracked 
|  64|0x0000000708000000, 0x0000000708200000, 0x0000000708200000|100%| O|  |TAMS 0x0000000708000000, 0x0000000708000000| Untracked 
|  65|0x0000000708200000, 0x0000000708400000, 0x0000000708400000|100%| O|  |TAMS 0x0000000708200000, 0x0000000708200000| Untracked 
|  66|0x0000000708400000, 0x0000000708600000, 0x0000000708600000|100%| O|  |TAMS 0x0000000708400000, 0x0000000708400000| Untracked 
|  67|0x0000000708600000, 0x0000000708800000, 0x0000000708800000|100%| O|  |TAMS 0x0000000708600000, 0x0000000708600000| Untracked 
|  68|0x0000000708800000, 0x0000000708a00000, 0x0000000708a00000|100%| O|  |TAMS 0x0000000708800000, 0x0000000708800000| Untracked 
|  69|0x0000000708a00000, 0x0000000708c00000, 0x0000000708c00000|100%| O|  |TAMS 0x0000000708a00000, 0x0000000708a00000| Untracked 
|  70|0x0000000708c00000, 0x0000000708e00000, 0x0000000708e00000|100%| O|  |TAMS 0x0000000708c00000, 0x0000000708c00000| Untracked 
|  71|0x0000000708e00000, 0x0000000709000000, 0x0000000709000000|100%| O|  |TAMS 0x0000000708e00000, 0x0000000708e00000| Untracked 
|  72|0x0000000709000000, 0x0000000709200000, 0x0000000709200000|100%| O|  |TAMS 0x0000000709000000, 0x0000000709000000| Untracked 
|  73|0x0000000709200000, 0x00000007092c0a00, 0x0000000709400000| 37%| O|  |TAMS 0x0000000709200000, 0x0000000709200000| Untracked 
|  74|0x0000000709400000, 0x0000000709400000, 0x0000000709600000|  0%| F|  |TAMS 0x0000000709400000, 0x0000000709400000| Untracked 
|  75|0x0000000709600000, 0x0000000709600000, 0x0000000709800000|  0%| F|  |TAMS 0x0000000709600000, 0x0000000709600000| Untracked 
|  76|0x0000000709800000, 0x0000000709800000, 0x0000000709a00000|  0%| F|  |TAMS 0x0000000709800000, 0x0000000709800000| Untracked 
|  77|0x0000000709a00000, 0x0000000709a00000, 0x0000000709c00000|  0%| F|  |TAMS 0x0000000709a00000, 0x0000000709a00000| Untracked 
|  78|0x0000000709c00000, 0x0000000709c00000, 0x0000000709e00000|  0%| F|  |TAMS 0x0000000709c00000, 0x0000000709c00000| Untracked 
|  79|0x0000000709e00000, 0x0000000709e00000, 0x000000070a000000|  0%| F|  |TAMS 0x0000000709e00000, 0x0000000709e00000| Untracked 
|  80|0x000000070a000000, 0x000000070a000000, 0x000000070a200000|  0%| F|  |TAMS 0x000000070a000000, 0x000000070a000000| Untracked 
|  81|0x000000070a200000, 0x000000070a200000, 0x000000070a400000|  0%| F|  |TAMS 0x000000070a200000, 0x000000070a200000| Untracked 
|  82|0x000000070a400000, 0x000000070a400000, 0x000000070a600000|  0%| F|  |TAMS 0x000000070a400000, 0x000000070a400000| Untracked 
|  83|0x000000070a600000, 0x000000070a600000, 0x000000070a800000|  0%| F|  |TAMS 0x000000070a600000, 0x000000070a600000| Untracked 
|  84|0x000000070a800000, 0x000000070a800000, 0x000000070aa00000|  0%| F|  |TAMS 0x000000070a800000, 0x000000070a800000| Untracked 
|  85|0x000000070aa00000, 0x000000070aa00000, 0x000000070ac00000|  0%| F|  |TAMS 0x000000070aa00000, 0x000000070aa00000| Untracked 
|  86|0x000000070ac00000, 0x000000070ac00000, 0x000000070ae00000|  0%| F|  |TAMS 0x000000070ac00000, 0x000000070ac00000| Untracked 
|  87|0x000000070ae00000, 0x000000070ae00000, 0x000000070b000000|  0%| F|  |TAMS 0x000000070ae00000, 0x000000070ae00000| Untracked 
|  88|0x000000070b000000, 0x000000070b000000, 0x000000070b200000|  0%| F|  |TAMS 0x000000070b000000, 0x000000070b000000| Untracked 
|  89|0x000000070b200000, 0x000000070b200000, 0x000000070b400000|  0%| F|  |TAMS 0x000000070b200000, 0x000000070b200000| Untracked 
|  90|0x000000070b400000, 0x000000070b400000, 0x000000070b600000|  0%| F|  |TAMS 0x000000070b400000, 0x000000070b400000| Untracked 
|  91|0x000000070b600000, 0x000000070b600000, 0x000000070b800000|  0%| F|  |TAMS 0x000000070b600000, 0x000000070b600000| Untracked 
|  92|0x000000070b800000, 0x000000070b800000, 0x000000070ba00000|  0%| F|  |TAMS 0x000000070b800000, 0x000000070b800000| Untracked 
|  93|0x000000070ba00000, 0x000000070ba00000, 0x000000070bc00000|  0%| F|  |TAMS 0x000000070ba00000, 0x000000070ba00000| Untracked 
|  94|0x000000070bc00000, 0x000000070bc00000, 0x000000070be00000|  0%| F|  |TAMS 0x000000070bc00000, 0x000000070bc00000| Untracked 
|  95|0x000000070be00000, 0x000000070be00000, 0x000000070c000000|  0%| F|  |TAMS 0x000000070be00000, 0x000000070be00000| Untracked 
|  96|0x000000070c000000, 0x000000070c000000, 0x000000070c200000|  0%| F|  |TAMS 0x000000070c000000, 0x000000070c000000| Untracked 
|  97|0x000000070c200000, 0x000000070c200000, 0x000000070c400000|  0%| F|  |TAMS 0x000000070c200000, 0x000000070c200000| Untracked 
|  98|0x000000070c400000, 0x000000070c400000, 0x000000070c600000|  0%| F|  |TAMS 0x000000070c400000, 0x000000070c400000| Untracked 
|  99|0x000000070c600000, 0x000000070c600000, 0x000000070c800000|  0%| F|  |TAMS 0x000000070c600000, 0x000000070c600000| Untracked 
| 100|0x000000070c800000, 0x000000070c800000, 0x000000070ca00000|  0%| F|  |TAMS 0x000000070c800000, 0x000000070c800000| Untracked 
| 101|0x000000070ca00000, 0x000000070ca00000, 0x000000070cc00000|  0%| F|  |TAMS 0x000000070ca00000, 0x000000070ca00000| Untracked 
| 102|0x000000070cc00000, 0x000000070cd18b20, 0x000000070ce00000| 54%| S|CS|TAMS 0x000000070cc00000, 0x000000070cc00000| Complete 
| 103|0x000000070ce00000, 0x000000070d000000, 0x000000070d000000|100%| S|CS|TAMS 0x000000070ce00000, 0x000000070ce00000| Complete 
| 104|0x000000070d000000, 0x000000070d200000, 0x000000070d200000|100%| S|CS|TAMS 0x000000070d000000, 0x000000070d000000| Complete 
| 105|0x000000070d200000, 0x000000070d200000, 0x000000070d400000|  0%| F|  |TAMS 0x000000070d200000, 0x000000070d200000| Untracked 
| 106|0x000000070d400000, 0x000000070d400000, 0x000000070d600000|  0%| F|  |TAMS 0x000000070d400000, 0x000000070d400000| Untracked 
| 107|0x000000070d600000, 0x000000070d600000, 0x000000070d800000|  0%| F|  |TAMS 0x000000070d600000, 0x000000070d600000| Untracked 
| 108|0x000000070d800000, 0x000000070d800000, 0x000000070da00000|  0%| F|  |TAMS 0x000000070d800000, 0x000000070d800000| Untracked 
| 109|0x000000070da00000, 0x000000070da00000, 0x000000070dc00000|  0%| F|  |TAMS 0x000000070da00000, 0x000000070da00000| Untracked 
| 110|0x000000070dc00000, 0x000000070dc00000, 0x000000070de00000|  0%| F|  |TAMS 0x000000070dc00000, 0x000000070dc00000| Untracked 
| 111|0x000000070de00000, 0x000000070de00000, 0x000000070e000000|  0%| F|  |TAMS 0x000000070de00000, 0x000000070de00000| Untracked 
| 112|0x000000070e000000, 0x000000070e000000, 0x000000070e200000|  0%| F|  |TAMS 0x000000070e000000, 0x000000070e000000| Untracked 
| 113|0x000000070e200000, 0x000000070e200000, 0x000000070e400000|  0%| F|  |TAMS 0x000000070e200000, 0x000000070e200000| Untracked 
| 114|0x000000070e400000, 0x000000070e400000, 0x000000070e600000|  0%| F|  |TAMS 0x000000070e400000, 0x000000070e400000| Untracked 
| 115|0x000000070e600000, 0x000000070e600000, 0x000000070e800000|  0%| F|  |TAMS 0x000000070e600000, 0x000000070e600000| Untracked 
| 116|0x000000070e800000, 0x000000070e81c7f8, 0x000000070ea00000|  5%| E|  |TAMS 0x000000070e800000, 0x000000070e800000| Complete 
| 117|0x000000070ea00000, 0x000000070ec00000, 0x000000070ec00000|100%| E|CS|TAMS 0x000000070ea00000, 0x000000070ea00000| Complete 
| 118|0x000000070ec00000, 0x000000070ee00000, 0x000000070ee00000|100%| E|CS|TAMS 0x000000070ec00000, 0x000000070ec00000| Complete 
| 119|0x000000070ee00000, 0x000000070f000000, 0x000000070f000000|100%| E|CS|TAMS 0x000000070ee00000, 0x000000070ee00000| Complete 
| 120|0x000000070f000000, 0x000000070f200000, 0x000000070f200000|100%| E|CS|TAMS 0x000000070f000000, 0x000000070f000000| Complete 
| 121|0x000000070f200000, 0x000000070f400000, 0x000000070f400000|100%| E|CS|TAMS 0x000000070f200000, 0x000000070f200000| Complete 
| 122|0x000000070f400000, 0x000000070f600000, 0x000000070f600000|100%| E|CS|TAMS 0x000000070f400000, 0x000000070f400000| Complete 
| 123|0x000000070f600000, 0x000000070f800000, 0x000000070f800000|100%| E|CS|TAMS 0x000000070f600000, 0x000000070f600000| Complete 
| 124|0x000000070f800000, 0x000000070fa00000, 0x000000070fa00000|100%| E|  |TAMS 0x000000070f800000, 0x000000070f800000| Complete 
| 125|0x000000070fa00000, 0x000000070fc00000, 0x000000070fc00000|100%| E|CS|TAMS 0x000000070fa00000, 0x000000070fa00000| Complete 
| 126|0x000000070fc00000, 0x000000070fe00000, 0x000000070fe00000|100%| E|CS|TAMS 0x000000070fc00000, 0x000000070fc00000| Complete 
| 127|0x000000070fe00000, 0x0000000710000000, 0x0000000710000000|100%| E|CS|TAMS 0x000000070fe00000, 0x000000070fe00000| Complete 
| 128|0x0000000710000000, 0x0000000710200000, 0x0000000710200000|100%| E|CS|TAMS 0x0000000710000000, 0x0000000710000000| Complete 
| 129|0x0000000710200000, 0x0000000710400000, 0x0000000710400000|100%| E|CS|TAMS 0x0000000710200000, 0x0000000710200000| Complete 
| 130|0x0000000710400000, 0x0000000710600000, 0x0000000710600000|100%| E|CS|TAMS 0x0000000710400000, 0x0000000710400000| Complete 
| 131|0x0000000710600000, 0x0000000710800000, 0x0000000710800000|100%| E|CS|TAMS 0x0000000710600000, 0x0000000710600000| Complete 
| 132|0x0000000710800000, 0x0000000710a00000, 0x0000000710a00000|100%| E|CS|TAMS 0x0000000710800000, 0x0000000710800000| Complete 
| 133|0x0000000710a00000, 0x0000000710c00000, 0x0000000710c00000|100%| E|CS|TAMS 0x0000000710a00000, 0x0000000710a00000| Complete 
| 134|0x0000000710c00000, 0x0000000710e00000, 0x0000000710e00000|100%| E|CS|TAMS 0x0000000710c00000, 0x0000000710c00000| Complete 
| 135|0x0000000710e00000, 0x0000000711000000, 0x0000000711000000|100%| E|CS|TAMS 0x0000000710e00000, 0x0000000710e00000| Complete 
| 136|0x0000000711000000, 0x0000000711200000, 0x0000000711200000|100%| E|CS|TAMS 0x0000000711000000, 0x0000000711000000| Complete 
| 137|0x0000000711200000, 0x0000000711400000, 0x0000000711400000|100%| E|CS|TAMS 0x0000000711200000, 0x0000000711200000| Complete 
| 138|0x0000000711400000, 0x0000000711600000, 0x0000000711600000|100%| E|CS|TAMS 0x0000000711400000, 0x0000000711400000| Complete 
| 139|0x0000000711600000, 0x0000000711800000, 0x0000000711800000|100%| E|CS|TAMS 0x0000000711600000, 0x0000000711600000| Complete 
| 140|0x0000000711800000, 0x0000000711a00000, 0x0000000711a00000|100%| E|CS|TAMS 0x0000000711800000, 0x0000000711800000| Complete 
| 141|0x0000000711a00000, 0x0000000711c00000, 0x0000000711c00000|100%| E|CS|TAMS 0x0000000711a00000, 0x0000000711a00000| Complete 
| 142|0x0000000711c00000, 0x0000000711e00000, 0x0000000711e00000|100%| E|CS|TAMS 0x0000000711c00000, 0x0000000711c00000| Complete 
| 143|0x0000000711e00000, 0x0000000712000000, 0x0000000712000000|100%| E|CS|TAMS 0x0000000711e00000, 0x0000000711e00000| Complete 
| 144|0x0000000712000000, 0x0000000712200000, 0x0000000712200000|100%| E|CS|TAMS 0x0000000712000000, 0x0000000712000000| Complete 
| 145|0x0000000712200000, 0x0000000712400000, 0x0000000712400000|100%| E|CS|TAMS 0x0000000712200000, 0x0000000712200000| Complete 
| 146|0x0000000712400000, 0x0000000712600000, 0x0000000712600000|100%| E|CS|TAMS 0x0000000712400000, 0x0000000712400000| Complete 
| 147|0x0000000712600000, 0x0000000712800000, 0x0000000712800000|100%| E|CS|TAMS 0x0000000712600000, 0x0000000712600000| Complete 
| 148|0x0000000712800000, 0x0000000712a00000, 0x0000000712a00000|100%| E|CS|TAMS 0x0000000712800000, 0x0000000712800000| Complete 
| 149|0x0000000712a00000, 0x0000000712c00000, 0x0000000712c00000|100%| E|CS|TAMS 0x0000000712a00000, 0x0000000712a00000| Complete 

Card table byte_map: [0x0000019fdc270000,0x0000019fdca70000] _byte_map_base: 0x0000019fd8a70000

Marking Bits (Prev, Next): (CMBitMap*) 0x0000019fc2fc7960, (CMBitMap*) 0x0000019fc2fc79a0
 Prev Bits: [0x0000019fdd270000, 0x0000019fe1270000)
 Next Bits: [0x0000019fe1270000, 0x0000019fe5270000)

Polling page: 0x0000019fc2d00000

Metaspace:

Usage:
  Non-class:     89.37 MB used.
      Class:     14.58 MB used.
       Both:    103.95 MB used.

Virtual space:
  Non-class space:      128.00 MB reserved,      90.25 MB ( 71%) committed,  2 nodes.
      Class space:      416.00 MB reserved,      15.31 MB (  4%) committed,  1 nodes.
             Both:      544.00 MB reserved,     105.56 MB ( 19%) committed. 

Chunk freelists:
   Non-Class:  5.57 MB
       Class:  655.00 KB
        Both:  6.21 MB

MaxMetaspaceSize: 512.00 MB
CompressedClassSpaceSize: 416.00 MB
Initial GC threshold: 21.00 MB
Current GC threshold: 118.25 MB
CDS: on
MetaspaceReclaimPolicy: balanced
 - commit_granule_bytes: 65536.
 - commit_granule_words: 8192.
 - virtual_space_node_default_size: 8388608.
 - enlarge_chunks_in_place: 1.
 - new_chunks_are_fully_committed: 0.
 - uncommit_free_chunks: 1.
 - use_allocation_guard: 0.
 - handle_deallocations: 1.


Internal statistics:

num_allocs_failed_limit: 9.
num_arena_births: 2206.
num_arena_deaths: 0.
num_vsnodes_births: 3.
num_vsnodes_deaths: 0.
num_space_committed: 1689.
num_space_uncommitted: 0.
num_chunks_returned_to_freelist: 9.
num_chunks_taken_from_freelist: 7311.
num_chunk_merges: 9.
num_chunk_splits: 4675.
num_chunks_enlarged: 2838.
num_inconsistent_stats: 0.

CodeHeap 'non-profiled nmethods': size=120000Kb used=9667Kb max_used=9667Kb free=110332Kb
 bounds [0x0000019fd38c0000, 0x0000019fd4240000, 0x0000019fdadf0000]
CodeHeap 'profiled nmethods': size=120000Kb used=26151Kb max_used=26151Kb free=93848Kb
 bounds [0x0000019fcbdf0000, 0x0000019fcd780000, 0x0000019fd3320000]
CodeHeap 'non-nmethods': size=5760Kb used=2462Kb max_used=2521Kb free=3298Kb
 bounds [0x0000019fd3320000, 0x0000019fd35a0000, 0x0000019fd38c0000]
 total_blobs=14049 nmethods=13039 adapters=922
 compilation: enabled
              stopped_count=0, restarted_count=0
 full_count=0

Compilation events (20 events):
Event: 22.322 Thread 0x0000019fec121850 nmethod 15252 0x0000019fcd772f90 code [0x0000019fcd773160, 0x0000019fcd773648]
Event: 22.322 Thread 0x0000019fec121850 15253       3       java.lang.ProcessEnvironment$CheckedEntry::getValue (5 bytes)
Event: 22.323 Thread 0x0000019fec121850 nmethod 15253 0x0000019fcd773790 code [0x0000019fcd773940, 0x0000019fcd773c88]
Event: 22.323 Thread 0x0000019fec121850 15254       3       java.lang.ProcessEnvironment$CheckedEntry::getValue (13 bytes)
Event: 22.323 Thread 0x0000019fec121850 nmethod 15254 0x0000019fcd773d90 code [0x0000019fcd773f40, 0x0000019fcd774208]
Event: 22.337 Thread 0x0000019ff37db950 nmethod 15242 0x0000019fd4229890 code [0x0000019fd4229b60, 0x0000019fd422be00]
Event: 22.337 Thread 0x0000019ff37db950 15245  s    4       java.util.Hashtable::putAll (52 bytes)
Event: 22.354 Thread 0x0000019ff37db950 nmethod 15245 0x0000019fd422d810 code [0x0000019fd422d9e0, 0x0000019fd422e7c8]
Event: 22.354 Thread 0x0000019ff37db950 15244       4       java.util.TreeMap$EntryIterator::next (5 bytes)
Event: 22.359 Thread 0x0000019ff37db950 nmethod 15244 0x0000019fd422ee10 code [0x0000019fd422efa0, 0x0000019fd422f2b8]
Event: 22.365 Thread 0x0000019fec121850 15255       3       org.gradle.internal.serialize.InputStreamBackedDecoder::readInt (8 bytes)
Event: 22.365 Thread 0x0000019fec121850 nmethod 15255 0x0000019fcd774310 code [0x0000019fcd7744c0, 0x0000019fcd774608]
Event: 22.366 Thread 0x0000019fec121850 15256       3       com.google.common.base.Joiner::toString (24 bytes)
Event: 22.366 Thread 0x0000019fec121850 nmethod 15256 0x0000019fcd774710 code [0x0000019fcd7748e0, 0x0000019fcd774e98]
Event: 22.368 Thread 0x0000019fec121850 15257       3       java.util.concurrent.locks.ReentrantLock::newCondition (8 bytes)
Event: 22.369 Thread 0x0000019fec121850 nmethod 15257 0x0000019fcd775010 code [0x0000019fcd7751c0, 0x0000019fcd7754b8]
Event: 22.369 Thread 0x0000019fec121850 15258       3       java.util.concurrent.locks.ReentrantLock$Sync::newCondition (9 bytes)
Event: 22.369 Thread 0x0000019fec121850 nmethod 15258 0x0000019fcd775610 code [0x0000019fcd7757c0, 0x0000019fcd775a58]
Event: 22.369 Thread 0x0000019fec121850 15259       3       java.util.concurrent.locks.AbstractQueuedSynchronizer$ConditionObject::<init> (10 bytes)
Event: 22.369 Thread 0x0000019fec121850 nmethod 15259 0x0000019fcd775b90 code [0x0000019fcd775d20, 0x0000019fcd775ef8]

GC Heap History (20 events):
Event: 12.526 GC heap before
{Heap before GC invocations=34 (full 0):
 garbage-first heap   total 151552K, used 118121K [0x0000000700000000, 0x0000000800000000)
  region size 2048K, 21 young (43008K), 1 survivors (2048K)
 Metaspace       used 71623K, committed 72704K, reserved 491520K
  class space    used 10313K, committed 10816K, reserved 425984K
}
Event: 12.529 GC heap after
{Heap after GC invocations=35 (full 0):
 garbage-first heap   total 151552K, used 81014K [0x0000000700000000, 0x0000000800000000)
  region size 2048K, 2 young (4096K), 2 survivors (4096K)
 Metaspace       used 71623K, committed 72704K, reserved 491520K
  class space    used 10313K, committed 10816K, reserved 425984K
}
Event: 12.741 GC heap before
{Heap before GC invocations=36 (full 0):
 garbage-first heap   total 157696K, used 117878K [0x0000000700000000, 0x0000000800000000)
  region size 2048K, 21 young (43008K), 2 survivors (4096K)
 Metaspace       used 71646K, committed 72704K, reserved 491520K
  class space    used 10314K, committed 10816K, reserved 425984K
}
Event: 12.745 GC heap after
{Heap after GC invocations=37 (full 0):
 garbage-first heap   total 157696K, used 82174K [0x0000000700000000, 0x0000000800000000)
  region size 2048K, 2 young (4096K), 2 survivors (4096K)
 Metaspace       used 71646K, committed 72704K, reserved 491520K
  class space    used 10314K, committed 10816K, reserved 425984K
}
Event: 12.767 GC heap before
{Heap before GC invocations=37 (full 0):
 garbage-first heap   total 157696K, used 82174K [0x0000000700000000, 0x0000000800000000)
  region size 2048K, 3 young (6144K), 2 survivors (4096K)
 Metaspace       used 71646K, committed 72704K, reserved 491520K
  class space    used 10314K, committed 10816K, reserved 425984K
}
Event: 12.771 GC heap after
{Heap after GC invocations=38 (full 0):
 garbage-first heap   total 307200K, used 82223K [0x0000000700000000, 0x0000000800000000)
  region size 2048K, 1 young (2048K), 1 survivors (2048K)
 Metaspace       used 71646K, committed 72704K, reserved 491520K
  class space    used 10314K, committed 10816K, reserved 425984K
}
Event: 14.641 GC heap before
{Heap before GC invocations=38 (full 0):
 garbage-first heap   total 307200K, used 244015K [0x0000000700000000, 0x0000000800000000)
  region size 2048K, 81 young (165888K), 1 survivors (2048K)
 Metaspace       used 81743K, committed 82816K, reserved 557056K
  class space    used 11524K, committed 12032K, reserved 425984K
}
Event: 14.647 GC heap after
{Heap after GC invocations=39 (full 0):
 garbage-first heap   total 307200K, used 101667K [0x0000000700000000, 0x0000000800000000)
  region size 2048K, 11 young (22528K), 11 survivors (22528K)
 Metaspace       used 81743K, committed 82816K, reserved 557056K
  class space    used 11524K, committed 12032K, reserved 425984K
}
Event: 16.141 GC heap before
{Heap before GC invocations=39 (full 0):
 garbage-first heap   total 307200K, used 240931K [0x0000000700000000, 0x0000000800000000)
  region size 2048K, 77 young (157696K), 11 survivors (22528K)
 Metaspace       used 89121K, committed 90304K, reserved 557056K
  class space    used 12520K, committed 13056K, reserved 425984K
}
Event: 16.151 GC heap after
{Heap after GC invocations=40 (full 0):
 garbage-first heap   total 307200K, used 114334K [0x0000000700000000, 0x0000000800000000)
  region size 2048K, 5 young (10240K), 5 survivors (10240K)
 Metaspace       used 89121K, committed 90304K, reserved 557056K
  class space    used 12520K, committed 13056K, reserved 425984K
}
Event: 17.548 GC heap before
{Heap before GC invocations=40 (full 0):
 garbage-first heap   total 307200K, used 241310K [0x0000000700000000, 0x0000000800000000)
  region size 2048K, 68 young (139264K), 5 survivors (10240K)
 Metaspace       used 96780K, committed 97920K, reserved 557056K
  class space    used 13696K, committed 14208K, reserved 425984K
}
Event: 17.556 GC heap after
{Heap after GC invocations=41 (full 0):
 garbage-first heap   total 307200K, used 118364K [0x0000000700000000, 0x0000000800000000)
  region size 2048K, 7 young (14336K), 7 survivors (14336K)
 Metaspace       used 96780K, committed 97920K, reserved 557056K
  class space    used 13696K, committed 14208K, reserved 425984K
}
Event: 19.054 GC heap before
{Heap before GC invocations=41 (full 0):
 garbage-first heap   total 307200K, used 247388K [0x0000000700000000, 0x0000000800000000)
  region size 2048K, 70 young (143360K), 7 survivors (14336K)
 Metaspace       used 101246K, committed 102592K, reserved 557056K
  class space    used 14279K, committed 14912K, reserved 425984K
}
Event: 19.064 GC heap after
{Heap after GC invocations=42 (full 0):
 garbage-first heap   total 307200K, used 128908K [0x0000000700000000, 0x0000000800000000)
  region size 2048K, 8 young (16384K), 8 survivors (16384K)
 Metaspace       used 101246K, committed 102592K, reserved 557056K
  class space    used 14279K, committed 14912K, reserved 425984K
}
Event: 20.126 GC heap before
{Heap before GC invocations=42 (full 0):
 garbage-first heap   total 307200K, used 247692K [0x0000000700000000, 0x0000000800000000)
  region size 2048K, 67 young (137216K), 8 survivors (16384K)
 Metaspace       used 103303K, committed 104640K, reserved 557056K
  class space    used 14595K, committed 15232K, reserved 425984K
}
Event: 20.138 GC heap after
{Heap after GC invocations=43 (full 0):
 garbage-first heap   total 307200K, used 138804K [0x0000000700000000, 0x0000000800000000)
  region size 2048K, 7 young (14336K), 7 survivors (14336K)
 Metaspace       used 103303K, committed 104640K, reserved 557056K
  class space    used 14595K, committed 15232K, reserved 425984K
}
Event: 21.384 GC heap before
{Heap before GC invocations=43 (full 0):
 garbage-first heap   total 307200K, used 251444K [0x0000000700000000, 0x0000000800000000)
  region size 2048K, 60 young (122880K), 7 survivors (14336K)
 Metaspace       used 106018K, committed 107584K, reserved 557056K
  class space    used 14868K, committed 15616K, reserved 425984K
}
Event: 21.395 GC heap after
{Heap after GC invocations=44 (full 0):
 garbage-first heap   total 307200K, used 152514K [0x0000000700000000, 0x0000000800000000)
  region size 2048K, 8 young (16384K), 8 survivors (16384K)
 Metaspace       used 106018K, committed 107584K, reserved 557056K
  class space    used 14868K, committed 15616K, reserved 425984K
}
Event: 21.736 GC heap before
{Heap before GC invocations=44 (full 0):
 garbage-first heap   total 307200K, used 242626K [0x0000000700000000, 0x0000000800000000)
  region size 2048K, 53 young (108544K), 8 survivors (16384K)
 Metaspace       used 106024K, committed 107584K, reserved 557056K
  class space    used 14869K, committed 15616K, reserved 425984K
}
Event: 21.745 GC heap after
{Heap after GC invocations=45 (full 0):
 garbage-first heap   total 307200K, used 155493K [0x0000000700000000, 0x0000000800000000)
  region size 2048K, 3 young (6144K), 3 survivors (6144K)
 Metaspace       used 106024K, committed 107584K, reserved 557056K
  class space    used 14869K, committed 15616K, reserved 425984K
}

Deoptimization events (20 events):
Event: 22.253 Thread 0x0000019fee0a8e20 Uncommon trap: trap_request=0xffffff45 fr.pc=0x0000019fd3f93854 relative=0x00000000000009d4
Event: 22.253 Thread 0x0000019fee0a8e20 Uncommon trap: reason=unstable_if action=reinterpret pc=0x0000019fd3f93854 method=com.sun.beans.introspect.MethodInfo$MethodOrder.compare(Ljava/lang/reflect/Method;Ljava/lang/reflect/Method;)I @ 124 c2
Event: 22.253 Thread 0x0000019fee0a8e20 DEOPT PACKING pc=0x0000019fd3f93854 sp=0x000000486ecf6870
Event: 22.253 Thread 0x0000019fee0a8e20 DEOPT UNPACKING pc=0x0000019fd33723a3 sp=0x000000486ecf6810 mode 2
Event: 22.277 Thread 0x0000019fee0a8e20 Uncommon trap: trap_request=0xfffffff4 fr.pc=0x0000019fd3ba0de8 relative=0x00000000000000e8
Event: 22.277 Thread 0x0000019fee0a8e20 Uncommon trap: reason=null_check action=make_not_entrant pc=0x0000019fd3ba0de8 method=org.gradle.internal.instantiation.generator.AbstractClassGenerator.isPropertyType(Ljava/lang/Class;)Z @ 4 c2
Event: 22.277 Thread 0x0000019fee0a8e20 DEOPT PACKING pc=0x0000019fd3ba0de8 sp=0x000000486ecf80b0
Event: 22.277 Thread 0x0000019fee0a8e20 DEOPT UNPACKING pc=0x0000019fd33723a3 sp=0x000000486ecf8040 mode 2
Event: 22.296 Thread 0x0000019fee0a8e20 Uncommon trap: trap_request=0xffffff45 fr.pc=0x0000019fd3f3d8a4 relative=0x0000000000000164
Event: 22.296 Thread 0x0000019fee0a8e20 Uncommon trap: reason=unstable_if action=reinterpret pc=0x0000019fd3f3d8a4 method=sun.reflect.generics.parser.SignatureParser.parseTypeSignature()Lsun/reflect/generics/tree/TypeSignature; @ 4 c2
Event: 22.296 Thread 0x0000019fee0a8e20 DEOPT PACKING pc=0x0000019fd3f3d8a4 sp=0x000000486ecf8860
Event: 22.296 Thread 0x0000019fee0a8e20 DEOPT UNPACKING pc=0x0000019fd33723a3 sp=0x000000486ecf8840 mode 2
Event: 22.297 Thread 0x0000019fee0a8e20 Uncommon trap: trap_request=0xffffffde fr.pc=0x0000019fd3c48754 relative=0x0000000000000154
Event: 22.297 Thread 0x0000019fee0a8e20 Uncommon trap: reason=class_check action=maybe_recompile pc=0x0000019fd3c48754 method=java.lang.reflect.Array.newInstance(Ljava/lang/Class;I)Ljava/lang/Object; @ 2 c2
Event: 22.297 Thread 0x0000019fee0a8e20 DEOPT PACKING pc=0x0000019fd3c48754 sp=0x000000486ecf88e0
Event: 22.297 Thread 0x0000019fee0a8e20 DEOPT UNPACKING pc=0x0000019fd33723a3 sp=0x000000486ecf8878 mode 2
Event: 22.305 Thread 0x0000019fee0a8e20 Uncommon trap: trap_request=0xffffffde fr.pc=0x0000019fd41ced60 relative=0x0000000000001ba0
Event: 22.305 Thread 0x0000019fee0a8e20 Uncommon trap: reason=class_check action=maybe_recompile pc=0x0000019fd41ced60 method=org.gradle.internal.snapshot.impl.AbstractValueProcessor.processValue(Ljava/lang/Object;Lorg/gradle/internal/snapshot/impl/AbstractValueProcessor$ValueVisitor;)Ljava/lan
Event: 22.305 Thread 0x0000019fee0a8e20 DEOPT PACKING pc=0x0000019fd41ced60 sp=0x000000486ecf8d10
Event: 22.305 Thread 0x0000019fee0a8e20 DEOPT UNPACKING pc=0x0000019fd33723a3 sp=0x000000486ecf8d28 mode 2

Classes unloaded (0 events):
No events

Classes redefined (0 events):
No events

Internal exceptions (20 events):
Event: 22.262 Thread 0x0000019fee0a8e20 Exception <a 'java/lang/ClassNotFoundException'{0x000000070ee6b5d0}: org/gradle/api/internal/provider/DefaultProviderFactory_DecoratedBeanInfo> (0x000000070ee6b5d0) 
thrown [s\open\src\hotspot\share\classfile\systemDictionary.cpp, line 256]
Event: 22.263 Thread 0x0000019fee0a8e20 Exception <a 'java/lang/ClassNotFoundException'{0x000000070ee82088}: org/gradle/api/internal/provider/DefaultProviderFactoryBeanInfo> (0x000000070ee82088) 
thrown [s\open\src\hotspot\share\classfile\systemDictionary.cpp, line 256]
Event: 22.264 Thread 0x0000019fee0a8e20 Exception <a 'java/lang/ClassNotFoundException'{0x000000070ee98b80}: org/gradle/api/internal/provider/DefaultProviderFactoryCustomizer> (0x000000070ee98b80) 
thrown [s\open\src\hotspot\share\classfile\systemDictionary.cpp, line 256]
Event: 22.265 Thread 0x0000019fee0a8e20 Exception <a 'java/lang/ClassNotFoundException'{0x000000070eed3b08}: org/gradle/api/internal/provider/DefaultProviderFactory_DecoratedCustomizer> (0x000000070eed3b08) 
thrown [s\open\src\hotspot\share\classfile\systemDictionary.cpp, line 256]
Event: 22.277 Thread 0x0000019fee0a8e20 Implicit null exception at 0x0000019fd3ba0d10 to 0x0000019fd3ba0dd8
Event: 22.280 Thread 0x0000019fee0a8e20 Exception <a 'java/lang/ClassNotFoundException'{0x000000070ec2e418}: org/gradle/api/internal/provider/sources/process/ProviderCompatibleExecSpec_DecoratedBeanInfo> (0x000000070ec2e418) 
thrown [s\open\src\hotspot\share\classfile\systemDictionary.cpp, line 256]
Event: 22.281 Thread 0x0000019fee0a8e20 Exception <a 'java/lang/ClassNotFoundException'{0x000000070ec48068}: org/gradle/api/internal/provider/sources/process/ProviderCompatibleExecSpecBeanInfo> (0x000000070ec48068) 
thrown [s\open\src\hotspot\share\classfile\systemDictionary.cpp, line 256]
Event: 22.282 Thread 0x0000019fee0a8e20 Exception <a 'java/lang/ClassNotFoundException'{0x000000070ec61fe0}: org/gradle/api/internal/provider/sources/process/ProviderCompatibleBaseExecSpecBeanInfo> (0x000000070ec61fe0) 
thrown [s\open\src\hotspot\share\classfile\systemDictionary.cpp, line 256]
Event: 22.283 Thread 0x0000019fee0a8e20 Exception <a 'java/lang/ClassNotFoundException'{0x000000070ec7bf98}: org/gradle/api/internal/provider/sources/process/ProviderCompatibleBaseExecSpecCustomizer> (0x000000070ec7bf98) 
thrown [s\open\src\hotspot\share\classfile\systemDictionary.cpp, line 256]
Event: 22.284 Thread 0x0000019fee0a8e20 Exception <a 'java/lang/ClassNotFoundException'{0x000000070eca6de0}: org/gradle/api/internal/provider/sources/process/ProviderCompatibleExecSpecCustomizer> (0x000000070eca6de0) 
thrown [s\open\src\hotspot\share\classfile\systemDictionary.cpp, line 256]
Event: 22.285 Thread 0x0000019fee0a8e20 Exception <a 'java/lang/ClassNotFoundException'{0x000000070ecd8168}: org/gradle/api/internal/provider/sources/process/ProviderCompatibleExecSpec_DecoratedCustomizer> (0x000000070ecd8168) 
thrown [s\open\src\hotspot\share\classfile\systemDictionary.cpp, line 256]
Event: 22.290 Thread 0x0000019fee0a8e20 Exception <a 'java/lang/ClassNotFoundException'{0x000000070ed343d0}: org/gradle/api/internal/provider/sources/process/DefaultExecOutputBeanInfo> (0x000000070ed343d0) 
thrown [s\open\src\hotspot\share\classfile\systemDictionary.cpp, line 256]
Event: 22.291 Thread 0x0000019fee0a8e20 Exception <a 'java/lang/ClassNotFoundException'{0x000000070ed4b6d8}: org/gradle/api/internal/provider/sources/process/DefaultExecOutputCustomizer> (0x000000070ed4b6d8) 
thrown [s\open\src\hotspot\share\classfile\systemDictionary.cpp, line 256]
Event: 22.294 Thread 0x0000019fee0a8e20 Exception <a 'java/lang/ClassNotFoundException'{0x000000070ed8ad30}: org/gradle/api/internal/provider/sources/process/DefaultExecOutput$DefaultStandardStreamContentBeanInfo> (0x000000070ed8ad30) 
thrown [s\open\src\hotspot\share\classfile\systemDictionary.cpp, line 256]
Event: 22.296 Thread 0x0000019fee0a8e20 Exception <a 'java/lang/ClassNotFoundException'{0x000000070eda2f90}: org/gradle/api/internal/provider/sources/process/DefaultExecOutput$DefaultStandardStreamContentCustomizer> (0x000000070eda2f90) 
thrown [s\open\src\hotspot\share\classfile\systemDictionary.cpp, line 256]
Event: 22.299 Thread 0x0000019fee0a8e20 Exception <a 'java/lang/ClassNotFoundException'{0x000000070eddea40}: org/gradle/api/internal/provider/TransformBackedProviderBeanInfo> (0x000000070eddea40) 
thrown [s\open\src\hotspot\share\classfile\systemDictionary.cpp, line 256]
Event: 22.300 Thread 0x0000019fee0a8e20 Exception <a 'java/lang/ClassNotFoundException'{0x000000070edf54f8}: org/gradle/api/internal/provider/AbstractMinimalProviderBeanInfo> (0x000000070edf54f8) 
thrown [s\open\src\hotspot\share\classfile\systemDictionary.cpp, line 256]
Event: 22.302 Thread 0x0000019fee0a8e20 Exception <a 'java/lang/ClassNotFoundException'{0x000000070ea0c468}: org/gradle/api/internal/provider/AbstractMinimalProviderCustomizer> (0x000000070ea0c468) 
thrown [s\open\src\hotspot\share\classfile\systemDictionary.cpp, line 256]
Event: 22.304 Thread 0x0000019fee0a8e20 Exception <a 'java/lang/ClassNotFoundException'{0x000000070ea3ca08}: org/gradle/api/internal/provider/TransformBackedProviderCustomizer> (0x000000070ea3ca08) 
thrown [s\open\src\hotspot\share\classfile\systemDictionary.cpp, line 256]
Event: 22.414 Thread 0x0000019ff2491540 Exception <a 'java/lang/NoSuchMethodError'{0x000000070ebbf7c8}: 'void java.lang.invoke.DirectMethodHandle$Holder.invokeSpecial(java.lang.Object, java.lang.Object, int)'> (0x000000070ebbf7c8) 
thrown [s\open\src\hotspot\share\interpreter\linkResolver.cpp, line 759]

VM Operations (20 events):
Event: 20.554 Executing VM operation: ICBufferFull
Event: 20.555 Executing VM operation: ICBufferFull done
Event: 20.591 Executing VM operation: HandshakeAllThreads
Event: 20.592 Executing VM operation: HandshakeAllThreads done
Event: 20.594 Executing VM operation: HandshakeAllThreads
Event: 20.594 Executing VM operation: HandshakeAllThreads done
Event: 20.594 Executing VM operation: HandshakeAllThreads
Event: 20.594 Executing VM operation: HandshakeAllThreads done
Event: 20.597 Executing VM operation: HandshakeAllThreads
Event: 20.597 Executing VM operation: HandshakeAllThreads done
Event: 20.668 Executing VM operation: HandshakeAllThreads
Event: 20.668 Executing VM operation: HandshakeAllThreads done
Event: 20.938 Executing VM operation: ICBufferFull
Event: 20.938 Executing VM operation: ICBufferFull done
Event: 21.298 Executing VM operation: ICBufferFull
Event: 21.298 Executing VM operation: ICBufferFull done
Event: 21.383 Executing VM operation: G1CollectForAllocation
Event: 21.396 Executing VM operation: G1CollectForAllocation done
Event: 21.736 Executing VM operation: G1CollectForAllocation
Event: 21.746 Executing VM operation: G1CollectForAllocation done

Events (20 events):
Event: 22.023 loading class java/util/TreeSetBeanInfo done
Event: 22.248 loading class java/util/TreeSetBeanInfo
Event: 22.248 loading class java/util/TreeSetBeanInfo done
Event: 22.248 loading class java/util/AbstractSetBeanInfo
Event: 22.248 loading class java/util/AbstractSetBeanInfo done
Event: 22.248 loading class java/util/AbstractSetBeanInfo
Event: 22.248 loading class java/util/AbstractSetBeanInfo done
Event: 22.248 loading class java/util/AbstractSetCustomizer
Event: 22.248 loading class java/util/AbstractSetCustomizer done
Event: 22.248 loading class java/util/AbstractSetCustomizer
Event: 22.248 loading class java/util/AbstractSetCustomizer done
Event: 22.249 loading class java/util/TreeSetCustomizer
Event: 22.249 loading class java/util/TreeSetCustomizer done
Event: 22.249 loading class java/util/TreeSetCustomizer
Event: 22.249 loading class java/util/TreeSetCustomizer done
Event: 22.296 loading class sun/reflect/generics/tree/ByteSignature
Event: 22.297 loading class sun/reflect/generics/tree/ByteSignature done
Event: 22.320 Thread 0x0000019ff2491540 Thread added: 0x0000019ff2491540
Event: 22.331 Thread 0x0000019ff2490b20 Thread added: 0x0000019ff2490b20
Event: 22.331 Thread 0x0000019ff24947e0 Thread added: 0x0000019ff24947e0


Dynamic libraries:
0x00007ff61c3a0000 - 0x00007ff61c3b0000 	C:\Program Files\Java\jdk-17\bin\java.exe
0x00007ffabc080000 - 0x00007ffabc2e7000 	C:\WINDOWS\SYSTEM32\ntdll.dll
0x00007ffabad50000 - 0x00007ffabae19000 	C:\WINDOWS\System32\KERNEL32.DLL
0x00007ffab9380000 - 0x00007ffab976f000 	C:\WINDOWS\System32\KERNELBASE.dll
0x00007ffab9b60000 - 0x00007ffab9cab000 	C:\WINDOWS\System32\ucrtbase.dll
0x00007ffa472b0000 - 0x00007ffa472c9000 	C:\Program Files\Java\jdk-17\bin\jli.dll
0x00007ffa42690000 - 0x00007ffa426ab000 	C:\Program Files\Java\jdk-17\bin\VCRUNTIME140.dll
0x00007ffabaae0000 - 0x00007ffabab94000 	C:\WINDOWS\System32\ADVAPI32.dll
0x00007ffabbed0000 - 0x00007ffabbf79000 	C:\WINDOWS\System32\msvcrt.dll
0x00007ffaba730000 - 0x00007ffaba7d6000 	C:\WINDOWS\System32\sechost.dll
0x00007ffabae30000 - 0x00007ffabaf48000 	C:\WINDOWS\System32\RPCRT4.dll
0x00007ffabb800000 - 0x00007ffabb9c5000 	C:\WINDOWS\System32\USER32.dll
0x00007ffab9350000 - 0x00007ffab9377000 	C:\WINDOWS\System32\win32u.dll
0x00007ffabb040000 - 0x00007ffabb06b000 	C:\WINDOWS\System32\GDI32.dll
0x00007ffab98c0000 - 0x00007ffab99ec000 	C:\WINDOWS\System32\gdi32full.dll
0x00007ffab9d70000 - 0x00007ffab9e13000 	C:\WINDOWS\System32\msvcp_win.dll
0x00007ffa98350000 - 0x00007ffa985e3000 	C:\WINDOWS\WinSxS\amd64_microsoft.windows.common-controls_6595b64144ccf1df_6.0.26100.7309_none_3e05feeae336a044\COMCTL32.dll
0x00007ffab6b30000 - 0x00007ffab6b3b000 	C:\WINDOWS\SYSTEM32\VERSION.dll
0x00007ffaba7e0000 - 0x00007ffaba811000 	C:\WINDOWS\System32\IMM32.DLL
0x00007ffa79170000 - 0x00007ffa7917c000 	C:\Program Files\Java\jdk-17\bin\vcruntime140_1.dll
0x00007ffa42600000 - 0x00007ffa4268e000 	C:\Program Files\Java\jdk-17\bin\msvcp140.dll
0x00007ffa41a20000 - 0x00007ffa42600000 	C:\Program Files\Java\jdk-17\bin\server\jvm.dll
0x00007ffaba620000 - 0x00007ffaba628000 	C:\WINDOWS\System32\PSAPI.DLL
0x00007ffab07a0000 - 0x00007ffab07aa000 	C:\WINDOWS\SYSTEM32\WSOCK32.dll
0x00007ffab0b50000 - 0x00007ffab0b85000 	C:\WINDOWS\SYSTEM32\WINMM.dll
0x00007ffaba9c0000 - 0x00007ffabaa34000 	C:\WINDOWS\System32\WS2_32.dll
0x00007ffab7f80000 - 0x00007ffab7f9b000 	C:\WINDOWS\SYSTEM32\kernel.appcore.dll
0x00007ffa78e50000 - 0x00007ffa78e5a000 	C:\Program Files\Java\jdk-17\bin\jimage.dll
0x00007ffab5bf0000 - 0x00007ffab5e32000 	C:\WINDOWS\SYSTEM32\DBGHELP.DLL
0x00007ffabb9d0000 - 0x00007ffabbd56000 	C:\WINDOWS\System32\combase.dll
0x00007ffababa0000 - 0x00007ffabac76000 	C:\WINDOWS\System32\OLEAUT32.dll
0x00007ffa97700000 - 0x00007ffa9773c000 	C:\WINDOWS\SYSTEM32\dbgcore.DLL
0x00007ffab9810000 - 0x00007ffab98b5000 	C:\WINDOWS\System32\bcryptPrimitives.dll
0x00007ffa4ba50000 - 0x00007ffa4ba5e000 	C:\Program Files\Java\jdk-17\bin\instrument.dll
0x00007ffa41970000 - 0x00007ffa41995000 	C:\Program Files\Java\jdk-17\bin\java.dll
0x00007ffa41890000 - 0x00007ffa41967000 	C:\Program Files\Java\jdk-17\bin\jsvml.dll
0x00007ffabb0a0000 - 0x00007ffabb7f3000 	C:\WINDOWS\System32\SHELL32.dll
0x00007ffab99f0000 - 0x00007ffab9b5a000 	C:\WINDOWS\System32\wintypes.dll
0x00007ffab6dd0000 - 0x00007ffab762e000 	C:\WINDOWS\SYSTEM32\windows.storage.dll
0x00007ffab9e20000 - 0x00007ffab9f15000 	C:\WINDOWS\System32\SHCORE.dll
0x00007ffabaf50000 - 0x00007ffabafb6000 	C:\WINDOWS\System32\shlwapi.dll
0x00007ffab90f0000 - 0x00007ffab9119000 	C:\WINDOWS\SYSTEM32\profapi.dll
0x00007ffa419c0000 - 0x00007ffa419d8000 	C:\Program Files\Java\jdk-17\bin\zip.dll
0x00007ffa41a00000 - 0x00007ffa41a19000 	C:\Program Files\Java\jdk-17\bin\net.dll
0x00007ffaaf840000 - 0x00007ffaaf968000 	C:\WINDOWS\SYSTEM32\WINHTTP.dll
0x00007ffab84f0000 - 0x00007ffab855b000 	C:\WINDOWS\system32\mswsock.dll
0x00007ffa419e0000 - 0x00007ffa419f6000 	C:\Program Files\Java\jdk-17\bin\nio.dll
0x00007ffa6b5c0000 - 0x00007ffa6b5d0000 	C:\Program Files\Java\jdk-17\bin\verify.dll
0x00007ffa3f960000 - 0x00007ffa3f987000 	C:\Users\hp\.gradle\native\1def1411415f61bf3af743bc5b6707747c0891f09f0c88961ee8f79bc544acac\windows-amd64\native-platform.dll
0x00007ffa3f8e0000 - 0x00007ffa3f957000 	C:\Users\hp\.gradle\native\0.2.8\x86_64-windows-gnu\gradle-fileevents.dll
0x00007ffa6f3a0000 - 0x00007ffa6f3aa000 	C:\Program Files\Java\jdk-17\bin\management.dll
0x00007ffa6c5a0000 - 0x00007ffa6c5ab000 	C:\Program Files\Java\jdk-17\bin\management_ext.dll
0x00007ffab7ac0000 - 0x00007ffab7af4000 	C:\WINDOWS\SYSTEM32\IPHLPAPI.DLL
0x00007ffaba180000 - 0x00007ffaba18a000 	C:\WINDOWS\System32\NSI.dll
0x00007ffab29d0000 - 0x00007ffab29ee000 	C:\WINDOWS\SYSTEM32\dhcpcsvc6.DLL
0x00007ffab27e0000 - 0x00007ffab2803000 	C:\WINDOWS\SYSTEM32\dhcpcsvc.DLL
0x00007ffab7b00000 - 0x00007ffab7c2c000 	C:\WINDOWS\SYSTEM32\DNSAPI.dll
0x00007ffab87c0000 - 0x00007ffab87db000 	C:\WINDOWS\SYSTEM32\CRYPTSP.dll
0x00007ffab7ee0000 - 0x00007ffab7f1a000 	C:\WINDOWS\system32\rsaenh.dll
0x00007ffab85a0000 - 0x00007ffab85cb000 	C:\WINDOWS\SYSTEM32\USERENV.dll
0x00007ffab90c0000 - 0x00007ffab90ea000 	C:\WINDOWS\SYSTEM32\bcrypt.dll
0x00007ffab87b0000 - 0x00007ffab87bc000 	C:\WINDOWS\SYSTEM32\CRYPTBASE.dll
0x00007ffa4a260000 - 0x00007ffa4a26e000 	C:\Program Files\Java\jdk-17\bin\sunmscapi.dll
0x00007ffab91d0000 - 0x00007ffab9347000 	C:\WINDOWS\System32\CRYPT32.dll
0x00007ffab89d0000 - 0x00007ffab8a00000 	C:\WINDOWS\SYSTEM32\ncrypt.dll
0x00007ffab8980000 - 0x00007ffab89bf000 	C:\WINDOWS\SYSTEM32\NTASN1.dll
0x00007ffa8c250000 - 0x00007ffa8c258000 	C:\WINDOWS\system32\wshunix.dll

dbghelp: loaded successfully - version: 4.0.5 - missing functions: none
symbol engine: initialized successfully - sym options: 0x614 - pdb path: .;C:\Program Files\Java\jdk-17\bin;C:\WINDOWS\SYSTEM32;C:\WINDOWS\WinSxS\amd64_microsoft.windows.common-controls_6595b64144ccf1df_6.0.26100.7309_none_3e05feeae336a044;C:\Program Files\Java\jdk-17\bin\server;C:\Users\hp\.gradle\native\1def1411415f61bf3af743bc5b6707747c0891f09f0c88961ee8f79bc544acac\windows-amd64;C:\Users\hp\.gradle\native\0.2.8\x86_64-windows-gnu

VM Arguments:
jvm_args: --add-opens=java.base/java.lang=ALL-UNNAMED --add-opens=java.base/java.lang.invoke=ALL-UNNAMED --add-opens=java.base/java.util=ALL-UNNAMED --add-opens=java.prefs/java.util.prefs=ALL-UNNAMED --add-exports=jdk.compiler/com.sun.tools.javac.api=ALL-UNNAMED --add-exports=jdk.compiler/com.sun.tools.javac.util=ALL-UNNAMED --add-opens=java.base/java.util=ALL-UNNAMED --add-opens=java.prefs/java.util.prefs=ALL-UNNAMED --add-opens=java.base/java.nio.charset=ALL-UNNAMED --add-opens=java.base/java.net=ALL-UNNAMED --add-opens=java.base/java.util.concurrent=ALL-UNNAMED --add-opens=java.base/java.util.concurrent.atomic=ALL-UNNAMED --add-opens=java.xml/javax.xml.namespace=ALL-UNNAMED -XX:MaxMetaspaceSize=512m -XX:+HeapDumpOnOutOfMemoryError -Xmx4096m -Dfile.encoding=UTF-8 -Duser.country=IN -Duser.language=en -Duser.variant -javaagent:C:\Users\hp\.gradle\wrapper\dists\gradle-9.0.0-bin\d6wjpkvcgsg3oed0qlfss3wgl\gradle-9.0.0\lib\agents\gradle-instrumentation-agent-9.0.0.jar 
java_command: org.gradle.launcher.daemon.bootstrap.GradleDaemon 9.0.0
java_class_path (initial): C:\Users\hp\.gradle\wrapper\dists\gradle-9.0.0-bin\d6wjpkvcgsg3oed0qlfss3wgl\gradle-9.0.0\lib\gradle-daemon-main-9.0.0.jar
Launcher Type: SUN_STANDARD

[Global flags]
     intx CICompilerCount                          = 4                                         {product} {ergonomic}
   size_t CompressedClassSpaceSize                 = 436207616                                 {product} {ergonomic}
     uint ConcGCThreads                            = 3                                         {product} {ergonomic}
     uint G1ConcRefinementThreads                  = 10                                        {product} {ergonomic}
   size_t G1HeapRegionSize                         = 2097152                                   {product} {ergonomic}
    uintx GCDrainStackTargetSize                   = 64                                        {product} {ergonomic}
     bool HeapDumpOnOutOfMemoryError               = true                                   {manageable} {command line}
   size_t InitialHeapSize                          = 130023424                                 {product} {ergonomic}
   size_t MarkStackSize                            = 4194304                                   {product} {ergonomic}
   size_t MaxHeapSize                              = 4294967296                                {product} {command line}
   size_t MaxMetaspaceSize                         = 536870912                                 {product} {command line}
   size_t MaxNewSize                               = 2575302656                                {product} {ergonomic}
   size_t MinHeapDeltaBytes                        = 2097152                                   {product} {ergonomic}
   size_t MinHeapSize                              = 8388608                                   {product} {ergonomic}
    uintx NonNMethodCodeHeapSize                   = 5839372                                {pd product} {ergonomic}
    uintx NonProfiledCodeHeapSize                  = 122909434                              {pd product} {ergonomic}
    uintx ProfiledCodeHeapSize                     = 122909434                              {pd product} {ergonomic}
    uintx ReservedCodeCacheSize                    = 251658240                              {pd product} {ergonomic}
     bool SegmentedCodeCache                       = true                                      {product} {ergonomic}
   size_t SoftMaxHeapSize                          = 4294967296                             {manageable} {ergonomic}
     bool UseCompressedClassPointers               = true                           {product lp64_product} {ergonomic}
     bool UseCompressedOops                        = true                           {product lp64_product} {ergonomic}
     bool UseG1GC                                  = true                                      {product} {ergonomic}
     bool UseLargePagesIndividualAllocation        = false                                  {pd product} {ergonomic}

Logging:
Log output configuration:
 #0: stdout all=warning uptime,level,tags
 #1: stderr all=off uptime,level,tags

Environment Variables:
JAVA_HOME=C:\Program Files\Java\jdk-17
PATH=C:\Users\hp\Desktop\AIB Innovations\TiffsyKitchen\node_modules\.bin;C:\Users\hp\Desktop\AIB Innovations\node_modules\.bin;C:\Users\hp\Desktop\node_modules\.bin;C:\Users\hp\node_modules\.bin;C:\Users\node_modules\.bin;C:\node_modules\.bin;C:\Users\hp\AppData\Local\nvm\v22.12.0\node_modules\npm\node_modules\@npmcli\run-script\lib\node-gyp-bin;C:\Program Files\Common Files\Oracle\Java\javapath;C:\WINDOWS\system32;C:\WINDOWS;C:\WINDOWS\system32\Wbem;C:\WINDOWS\System32\WindowsPowerShell\v1.0\;C:\WINDOWS\System32\OpenSSH\;C:\Program Files\Microsoft VS Code\bin;C:\Users\hp\Downloads\jdk-20_windows-x64_bin.exe;C:\Program Files\MySQL\MySQL Server 8.0\bin;C:\Program Files\php-8.2.11;C:\ProgramData\chocolatey\bin;C:\Users\hp\AppData\Local\nvm;C:\nvm4w\nodejs;C:\Program Files\Git\cmd;C:\Program Files\nodejs\;C:\WINDOWS\System32\Wbem;C:\Program Files\Java\jdk-17\bin;C:\Users\hp\AppData\Local\Android\Sdk\platform-tools;c:\Users\hp\AppData\Local\Programs\Trae\bin;C:\Program Files\MySQL\MySQL Shell 8.0\bin\;C:\Users\hp\AppData\Local\Microsoft\WindowsApps;C:\MinGW\bin;C:\Users\hp\AppData\Local\Programs\cursor\resources\app\bin;C:\Users\hp\AppData\Local\GitHubDesktop\bin;C:\Users\hp\AppData\Local\nvm;C:\nvm4w\nodejs;C:\Users\hp\AppData\Roaming\npm;C:\Users\hp\AppData\Local\Microsoft\WindowsApps;C:\flutter\bin;C:\Users\hp\AppData\Local\Programs\Antigravity\bin
USERNAME=hp
OS=Windows_NT
PROCESSOR_IDENTIFIER=Intel64 Family 6 Model 154 Stepping 4, GenuineIntel



---------------  S Y S T E M  ---------------

OS:
 Windows 11 , 64 bit Build 26100 (10.0.26100.7623)
OS uptime: 0 days 1:24 hours
Hyper-V role detected

CPU: total 12 (initial active 12) (6 cores per cpu, 2 threads per core) family 6 model 154 stepping 4 microcode 0x42c, cx8, cmov, fxsr, ht, mmx, 3dnowpref, sse, sse2, sse3, ssse3, sse4.1, sse4.2, popcnt, lzcnt, tsc, tscinvbit, avx, avx2, aes, erms, clmul, bmi1, bmi2, adx, sha, fma, vzeroupper, clflush, clflushopt, clwb, hv

Memory: 4k page, system-wide physical 7863M (763M free)
TotalPageFile size 16055M (AvailPageFile size 24M)
current process WorkingSet (physical memory assigned to process): 620M, peak: 620M
current process commit charge ("private bytes"): 681M, peak: 682M

vm_info: Java HotSpot(TM) 64-Bit Server VM (17.0.12+8-LTS-286) for windows-amd64 JRE (17.0.12+8-LTS-286), built on Jun  5 2024 06:46:59 by "mach5one" with MS VC++ 17.6 (VS2022)

END.
